2022.03.15 05:33:58 INFO  tracing is disabled for protocol LSP, to enable tracing of incoming and outgoing JSON messages create an empty file at /Users/peyts25/WordleSolver/.metals/lsp.trace.json or /Users/peyts25/Library/Caches/org.scalameta.metals/lsp.trace.json
2022.03.15 05:33:59 INFO  logging to file /Users/peyts25/WordleSolver/.metals/metals.log
2022.03.15 05:33:59 INFO  Started: Metals version 0.11.2 in workspace '/Users/peyts25/WordleSolver' for client Visual Studio Code 1.65.2.
2022.03.15 05:33:59 INFO  Parse release: 16.0.2
2022.03.15 05:34:01 INFO  time: initialize in 2.46s
2022.03.15 05:34:02 WARN  Build server is not auto-connectable.
2022.03.15 05:34:02 WARN  no build tool detected in workspace '/Users/peyts25/WordleSolver'. The most common cause for this problem is that the editor was opened in the wrong working directory, for example if you use sbt then the workspace directory should contain build.sbt. 
2022.03.15 05:34:20 WARN  no build target for: /Users/peyts25/WordleSolver/main.scala
Mar 15, 2022 5:34:21 AM org.eclipse.lsp4j.jsonrpc.RemoteEndpoint handleCancellation
WARNING: Unmatched cancel notification for request id 2
2022.03.15 05:34:24 INFO  no build target found for /Users/peyts25/WordleSolver/main.scala. Using presentation compiler with project's scala-library version: 3.1.1
2022.03.15 05:34:26 INFO  time: code lens generation in 5.12s
2022.03.15 05:34:39 WARN  no build target for: /Users/peyts25/WordleSolver/main.scala
Mar 15, 2022 5:39:27 AM org.eclipse.lsp4j.jsonrpc.RemoteEndpoint handleCancellation
WARNING: Unmatched cancel notification for request id 513
Exception in thread "pool-3-thread-1" java.lang.AssertionError: assertion failed: `wildApprox` failed to remove uninstantiated U
	at scala.runtime.Scala3RunTime$.assertFailed(Scala3RunTime.scala:8)
	at dotty.tools.dotc.typer.ImplicitRunInfo$collectParts$2$.traverse(Implicits.scala:589)
	at dotty.tools.dotc.core.Types$TypeTraverser.apply(Types.scala:5958)
	at dotty.tools.dotc.core.Types$TypeTraverser.apply(Types.scala:5958)
	at dotty.tools.dotc.core.Types$TypeAccumulator.foldOver(Types.scala:5892)
	at dotty.tools.dotc.core.Types$TypeTraverser.traverseChildren(Types.scala:5959)
	at dotty.tools.dotc.typer.ImplicitRunInfo$collectParts$2$.traverse(Implicits.scala:594)
	at dotty.tools.dotc.core.Types$TypeTraverser.apply(Types.scala:5958)
	at dotty.tools.dotc.core.Types$TypeTraverser.apply(Types.scala:5958)
	at dotty.tools.dotc.typer.ProtoTypes$PolyProto.fold(ProtoTypes.scala:599)
	at dotty.tools.dotc.core.Types$TypeAccumulator.foldOver(Types.scala:5921)
	at dotty.tools.dotc.core.Types$TypeTraverser.traverseChildren(Types.scala:5959)
	at dotty.tools.dotc.typer.ImplicitRunInfo$collectParts$2$.traverse(Implicits.scala:594)
	at dotty.tools.dotc.core.Types$TypeTraverser.apply(Types.scala:5958)
	at dotty.tools.dotc.core.Types$TypeTraverser.apply(Types.scala:5958)
	at dotty.tools.dotc.typer.ProtoTypes$SelectionProto.fold(ProtoTypes.scala:214)
	at dotty.tools.dotc.core.Types$TypeAccumulator.foldOver(Types.scala:5921)
	at dotty.tools.dotc.core.Types$TypeTraverser.traverseChildren(Types.scala:5959)
	at dotty.tools.dotc.typer.ImplicitRunInfo$collectParts$2$.traverse(Implicits.scala:594)
	at dotty.tools.dotc.core.Types$TypeTraverser.apply(Types.scala:5958)
	at dotty.tools.dotc.core.Types$TypeTraverser.apply(Types.scala:5958)
	at dotty.tools.dotc.typer.ProtoTypes$ViewProto.fold(ProtoTypes.scala:545)
	at dotty.tools.dotc.core.Types$TypeAccumulator.foldOver(Types.scala:5921)
	at dotty.tools.dotc.core.Types$TypeTraverser.traverseChildren(Types.scala:5959)
	at dotty.tools.dotc.typer.ImplicitRunInfo$collectParts$2$.traverse(Implicits.scala:594)
	at dotty.tools.dotc.typer.ImplicitRunInfo$collectParts$2$.apply(Implicits.scala:599)
	at dotty.tools.dotc.typer.ImplicitRunInfo.recur$1(Implicits.scala:675)
	at dotty.tools.dotc.typer.ImplicitRunInfo.computeIScope(Implicits.scala:686)
	at dotty.tools.dotc.typer.ImplicitRunInfo.implicitScope(Implicits.scala:757)
	at dotty.tools.dotc.typer.ImplicitRunInfo.implicitScope$(Implicits.scala:543)
	at dotty.tools.dotc.Run.implicitScope(Run.scala:40)
	at dotty.tools.dotc.typer.Implicits$ImplicitSearch.implicitScope(Implicits.scala:1454)
	at dotty.tools.dotc.typer.Implicits$ImplicitSearch.searchImplicit(Implicits.scala:1417)
	at dotty.tools.dotc.typer.Implicits$ImplicitSearch.searchImplicit(Implicits.scala:1426)
	at dotty.tools.dotc.typer.Implicits$ImplicitSearch.bestImplicit(Implicits.scala:1451)
	at dotty.tools.dotc.typer.Implicits.inferImplicit(Implicits.scala:991)
	at dotty.tools.dotc.typer.Implicits.inferImplicit$(Implicits.scala:771)
	at dotty.tools.dotc.typer.Typer.inferImplicit(Typer.scala:107)
	at dotty.tools.dotc.typer.Implicits.inferView(Implicits.scala:817)
	at dotty.tools.dotc.typer.Implicits.inferView$(Implicits.scala:771)
	at dotty.tools.dotc.typer.Typer.inferView(Typer.scala:107)
	at dotty.tools.dotc.typer.Typer.tryExtensionOrConversion(Typer.scala:3190)
	at dotty.tools.dotc.typer.Typer.tryInsertImplicitOnQualifier$$anonfun$1(Typer.scala:3139)
	at dotty.tools.dotc.typer.Typer.tryEither(Typer.scala:3035)
	at dotty.tools.dotc.typer.Typer.tryInsertImplicitOnQualifier(Typer.scala:3143)
	at dotty.tools.dotc.typer.Typer.tryImplicit$1(Typer.scala:3101)
	at dotty.tools.dotc.typer.Typer.tryInsertApplyOrImplicit(Typer.scala:3114)
	at dotty.tools.dotc.typer.Typer.adapt1(Typer.scala:3906)
	at dotty.tools.dotc.typer.Typer.adapt(Typer.scala:3251)
	at dotty.tools.dotc.typer.Typer.tryApply$1(Typer.scala:3097)
	at dotty.tools.dotc.typer.Typer.tryInsertApplyOrImplicit$$anonfun$2(Typer.scala:3115)
	at dotty.tools.dotc.typer.Typer.tryEither(Typer.scala:3035)
	at dotty.tools.dotc.typer.Typer.tryInsertApplyOrImplicit(Typer.scala:3124)
	at dotty.tools.dotc.typer.Typer.adapt1(Typer.scala:3906)
	at dotty.tools.dotc.typer.Typer.adapt(Typer.scala:3251)
	at dotty.tools.dotc.typer.Typer.typed(Typer.scala:2907)
	at dotty.tools.dotc.typer.Typer.typed(Typer.scala:2911)
	at dotty.tools.dotc.typer.Typer.typedExpr(Typer.scala:3027)
	at dotty.tools.dotc.typer.Applications.typedTypeApply(Applications.scala:1087)
	at dotty.tools.dotc.typer.Applications.typedTypeApply$(Applications.scala:317)
	at dotty.tools.dotc.typer.Typer.typedTypeApply(Typer.scala:107)
	at dotty.tools.dotc.typer.Typer.typedUnnamed$1(Typer.scala:2798)
	at dotty.tools.dotc.typer.Typer.typedUnadapted(Typer.scala:2842)
	at dotty.tools.dotc.typer.Typer.typed(Typer.scala:2907)
	at dotty.tools.dotc.typer.Typer.typed(Typer.scala:2911)
	at dotty.tools.dotc.typer.Typer.typedExpr(Typer.scala:3027)
	at dotty.tools.dotc.typer.Typer.typedBlock(Typer.scala:1050)
	at dotty.tools.dotc.typer.Typer.typedUnnamed$1(Typer.scala:2787)
	at dotty.tools.dotc.typer.Typer.typedUnadapted(Typer.scala:2842)
	at dotty.tools.dotc.typer.Typer.typed(Typer.scala:2907)
	at dotty.tools.dotc.typer.Typer.typed(Typer.scala:2911)
	at dotty.tools.dotc.typer.Typer.typedExpr(Typer.scala:3027)
	at dotty.tools.dotc.typer.Namer.typedAheadExpr$$anonfun$1(Namer.scala:1430)
	at dotty.tools.dotc.typer.Namer.typedAhead(Namer.scala:1420)
	at dotty.tools.dotc.typer.Namer.typedAheadExpr(Namer.scala:1430)
	at dotty.tools.dotc.typer.Namer.valOrDefDefSig(Namer.scala:1487)
	at dotty.tools.dotc.typer.Namer.defDefSig(Namer.scala:1560)
	at dotty.tools.dotc.typer.Namer$Completer.typeSig(Namer.scala:756)
	at dotty.tools.dotc.typer.Namer$Completer.completeInCreationContext(Namer.scala:888)
	at dotty.tools.dotc.typer.Namer$Completer.complete(Namer.scala:780)
	at dotty.tools.dotc.core.SymDenotations$SymDenotation.completeFrom(SymDenotations.scala:168)
	at dotty.tools.dotc.core.Denotations$Denotation.completeInfo$1(Denotations.scala:188)
	at dotty.tools.dotc.core.Denotations$Denotation.info(Denotations.scala:190)
	at dotty.tools.dotc.core.SymDenotations$SymDenotation.ensureCompleted(SymDenotations.scala:370)
	at dotty.tools.dotc.typer.Typer.retrieveSym(Typer.scala:2721)
	at dotty.tools.dotc.typer.Typer.typedNamed$1(Typer.scala:2746)
	at dotty.tools.dotc.typer.Typer.typedUnadapted(Typer.scala:2841)
	at dotty.tools.dotc.typer.Typer.typed(Typer.scala:2907)
	at dotty.tools.dotc.typer.Typer.typed(Typer.scala:2911)
	at dotty.tools.dotc.typer.Typer.traverse$1(Typer.scala:2933)
	at dotty.tools.dotc.typer.Typer.typedStats(Typer.scala:2983)
	at dotty.tools.dotc.typer.Typer.typedBlockStats(Typer.scala:1044)
	at dotty.tools.dotc.typer.Typer.typedBlock(Typer.scala:1048)
	at dotty.tools.dotc.typer.Typer.typedUnnamed$1(Typer.scala:2787)
	at dotty.tools.dotc.typer.Typer.typedUnadapted(Typer.scala:2842)
	at dotty.tools.dotc.typer.Typer.typed(Typer.scala:2907)
	at dotty.tools.dotc.typer.Typer.typed(Typer.scala:2911)
	at dotty.tools.dotc.typer.Typer.typedFunctionValue(Typer.scala:1427)
	at dotty.tools.dotc.typer.Typer.typedFunction(Typer.scala:1216)
	at dotty.tools.dotc.typer.Typer.typedUnnamed$1(Typer.scala:2789)
	at dotty.tools.dotc.typer.Typer.typedUnadapted(Typer.scala:2842)
	at dotty.tools.dotc.typer.ProtoTypes$FunProto.$anonfun$7(ProtoTypes.scala:431)
	at dotty.tools.dotc.typer.ProtoTypes$FunProto.cacheTypedArg(ProtoTypes.scala:359)
	at dotty.tools.dotc.typer.ProtoTypes$FunProto.typedArg(ProtoTypes.scala:432)
	at dotty.tools.dotc.typer.Applications$ApplyToUntyped.typedArg(Applications.scala:853)
	at dotty.tools.dotc.typer.Applications$ApplyToUntyped.typedArg(Applications.scala:853)
	at dotty.tools.dotc.typer.Applications$Application.addTyped$1(Applications.scala:544)
	at dotty.tools.dotc.typer.Applications$Application.matchArgs(Applications.scala:609)
	at dotty.tools.dotc.typer.Applications$Application.init(Applications.scala:447)
	at dotty.tools.dotc.typer.Applications$TypedApply.<init>(Applications.scala:735)
	at dotty.tools.dotc.typer.Applications$ApplyToUntyped.<init>(Applications.scala:852)
	at dotty.tools.dotc.typer.Applications.ApplyTo(Applications.scala:1060)
	at dotty.tools.dotc.typer.Applications.ApplyTo$(Applications.scala:317)
	at dotty.tools.dotc.typer.Typer.ApplyTo(Typer.scala:107)
	at dotty.tools.dotc.typer.Applications.simpleApply$1(Applications.scala:907)
	at dotty.tools.dotc.typer.Applications.realApply$1$$anonfun$4(Applications.scala:986)
	at dotty.tools.dotc.typer.Typer.tryEither(Typer.scala:3035)
	at dotty.tools.dotc.typer.Applications.realApply$1(Applications.scala:997)
	at dotty.tools.dotc.typer.Applications.typedApply(Applications.scala:1035)
	at dotty.tools.dotc.typer.Applications.typedApply$(Applications.scala:317)
	at dotty.tools.dotc.typer.Typer.typedApply(Typer.scala:107)
	at dotty.tools.dotc.typer.Typer.typedUnnamed$1(Typer.scala:2779)
	at dotty.tools.dotc.typer.Typer.typedUnadapted(Typer.scala:2842)
	at dotty.tools.dotc.typer.Typer.typedUnnamed$1(Typer.scala:2826)
	at dotty.tools.dotc.typer.Typer.typedUnadapted(Typer.scala:2842)
	at dotty.tools.dotc.typer.Typer.typed(Typer.scala:2907)
	at dotty.tools.dotc.typer.Typer.typed(Typer.scala:2911)
	at dotty.tools.dotc.typer.Typer.typedExpr(Typer.scala:3027)
	at dotty.tools.dotc.typer.Typer.typedBlock(Typer.scala:1050)
	at dotty.tools.dotc.typer.Typer.typedUnnamed$1(Typer.scala:2787)
	at dotty.tools.dotc.typer.Typer.typedUnadapted(Typer.scala:2842)
	at dotty.tools.dotc.typer.Typer.typed(Typer.scala:2907)
	at dotty.tools.dotc.typer.Typer.typed(Typer.scala:2911)
	at dotty.tools.dotc.typer.Typer.typedExpr(Typer.scala:3027)
	at dotty.tools.dotc.typer.Typer.$anonfun$46(Typer.scala:2228)
	at dotty.tools.dotc.typer.PrepareInlineable$.dropInlineIfError(PrepareInlineable.scala:238)
	at dotty.tools.dotc.typer.Typer.typedDefDef(Typer.scala:2228)
	at dotty.tools.dotc.typer.Typer.typedNamed$1(Typer.scala:2756)
	at dotty.tools.dotc.typer.Typer.typedUnadapted(Typer.scala:2841)
	at dotty.tools.dotc.typer.Typer.typed(Typer.scala:2907)
	at dotty.tools.dotc.typer.Typer.typed(Typer.scala:2911)
	at dotty.tools.dotc.typer.Typer.traverse$1(Typer.scala:2933)
	at dotty.tools.dotc.typer.Typer.typedStats(Typer.scala:2983)
	at dotty.tools.dotc.typer.Typer.typedClassDef(Typer.scala:2426)
	at dotty.tools.dotc.typer.Typer.typedTypeOrClassDef$1(Typer.scala:2767)
	at dotty.tools.dotc.typer.Typer.typedNamed$1(Typer.scala:2771)
	at dotty.tools.dotc.typer.Typer.typedUnadapted(Typer.scala:2841)
	at dotty.tools.dotc.typer.Typer.typed(Typer.scala:2907)
	at dotty.tools.dotc.typer.Typer.typed(Typer.scala:2911)
	at dotty.tools.dotc.typer.Typer.traverse$1(Typer.scala:2933)
	at dotty.tools.dotc.typer.Typer.typedStats(Typer.scala:2983)
	at dotty.tools.dotc.typer.Typer.typedPackageDef(Typer.scala:2553)
	at dotty.tools.dotc.typer.Typer.typedUnnamed$1(Typer.scala:2812)
	at dotty.tools.dotc.typer.Typer.typedUnadapted(Typer.scala:2842)
	at dotty.tools.dotc.typer.Typer.typed(Typer.scala:2907)
	at dotty.tools.dotc.typer.Typer.typed(Typer.scala:2911)
	at dotty.tools.dotc.typer.Typer.typedExpr(Typer.scala:3027)
	at dotty.tools.dotc.typer.TyperPhase.liftedTree1$1(TyperPhase.scala:56)
	at dotty.tools.dotc.typer.TyperPhase.typeCheck$$anonfun$1(TyperPhase.scala:62)
	at dotty.tools.dotc.core.Phases$Phase.monitor(Phases.scala:411)
	at dotty.tools.dotc.typer.TyperPhase.typeCheck(TyperPhase.scala:63)
	at dotty.tools.dotc.typer.TyperPhase.runOn$$anonfun$1(TyperPhase.scala:106)
	at scala.runtime.function.JProcedure1.apply(JProcedure1.java:15)
	at scala.runtime.function.JProcedure1.apply(JProcedure1.java:10)
	at scala.collection.immutable.List.foreach(List.scala:333)
	at dotty.tools.dotc.typer.TyperPhase.runOn(TyperPhase.scala:106)
	at dotty.tools.dotc.Run.runPhases$1$$anonfun$1(Run.scala:261)
	at scala.runtime.function.JProcedure1.apply(JProcedure1.java:15)
	at scala.runtime.function.JProcedure1.apply(JProcedure1.java:10)
	at scala.collection.ArrayOps$.foreach$extension(ArrayOps.scala:1328)
	at dotty.tools.dotc.Run.runPhases$1(Run.scala:272)
	at dotty.tools.dotc.Run.compileUnits$$anonfun$1(Run.scala:280)
	at scala.runtime.java8.JFunction0$mcV$sp.apply(JFunction0$mcV$sp.scala:18)
	at dotty.tools.dotc.util.Stats$.maybeMonitored(Stats.scala:68)
	at dotty.tools.dotc.Run.compileUnits(Run.scala:289)
	at dotty.tools.dotc.Run.compileSources(Run.scala:222)
	at dotty.tools.dotc.interactive.InteractiveDriver.run(InteractiveDriver.scala:163)
	at scala.meta.internal.pc.ScalaPresentationCompiler.signatureHelp$$anonfun$1(ScalaPresentationCompiler.scala:220)
	at scala.meta.internal.pc.CompilerAccess.withSharedCompiler(CompilerAccess.scala:137)
	at scala.meta.internal.pc.CompilerAccess.withNonInterruptableCompiler$$anonfun$1(CompilerAccess.scala:125)
	at scala.meta.internal.pc.CompilerAccess.onCompilerJobQueue$$anonfun$1(CompilerAccess.scala:197)
	at scala.meta.internal.pc.CompilerJobQueue$Job.run(CompilerJobQueue.scala:139)
	at java.base/java.util.concurrent.ThreadPoolExecutor.runWorker(ThreadPoolExecutor.java:1130)
	at java.base/java.util.concurrent.ThreadPoolExecutor$Worker.run(ThreadPoolExecutor.java:630)
	at java.base/java.lang.Thread.run(Thread.java:831)
Exception in thread "pool-3-thread-2" java.lang.AssertionError: assertion failed: `wildApprox` failed to remove uninstantiated U
	at scala.runtime.Scala3RunTime$.assertFailed(Scala3RunTime.scala:8)
	at dotty.tools.dotc.typer.ImplicitRunInfo$collectParts$2$.traverse(Implicits.scala:589)
	at dotty.tools.dotc.core.Types$TypeTraverser.apply(Types.scala:5958)
	at dotty.tools.dotc.core.Types$TypeTraverser.apply(Types.scala:5958)
	at dotty.tools.dotc.core.Types$TypeAccumulator.foldOver(Types.scala:5892)
	at dotty.tools.dotc.core.Types$TypeTraverser.traverseChildren(Types.scala:5959)
	at dotty.tools.dotc.typer.ImplicitRunInfo$collectParts$2$.traverse(Implicits.scala:594)
	at dotty.tools.dotc.core.Types$TypeTraverser.apply(Types.scala:5958)
	at dotty.tools.dotc.core.Types$TypeTraverser.apply(Types.scala:5958)
	at dotty.tools.dotc.typer.ProtoTypes$PolyProto.fold(ProtoTypes.scala:599)
	at dotty.tools.dotc.core.Types$TypeAccumulator.foldOver(Types.scala:5921)
	at dotty.tools.dotc.core.Types$TypeTraverser.traverseChildren(Types.scala:5959)
	at dotty.tools.dotc.typer.ImplicitRunInfo$collectParts$2$.traverse(Implicits.scala:594)
	at dotty.tools.dotc.core.Types$TypeTraverser.apply(Types.scala:5958)
	at dotty.tools.dotc.core.Types$TypeTraverser.apply(Types.scala:5958)
	at dotty.tools.dotc.typer.ProtoTypes$SelectionProto.fold(ProtoTypes.scala:214)
	at dotty.tools.dotc.core.Types$TypeAccumulator.foldOver(Types.scala:5921)
	at dotty.tools.dotc.core.Types$TypeTraverser.traverseChildren(Types.scala:5959)
	at dotty.tools.dotc.typer.ImplicitRunInfo$collectParts$2$.traverse(Implicits.scala:594)
	at dotty.tools.dotc.core.Types$TypeTraverser.apply(Types.scala:5958)
	at dotty.tools.dotc.core.Types$TypeTraverser.apply(Types.scala:5958)
	at dotty.tools.dotc.typer.ProtoTypes$ViewProto.fold(ProtoTypes.scala:545)
	at dotty.tools.dotc.core.Types$TypeAccumulator.foldOver(Types.scala:5921)
	at dotty.tools.dotc.core.Types$TypeTraverser.traverseChildren(Types.scala:5959)
	at dotty.tools.dotc.typer.ImplicitRunInfo$collectParts$2$.traverse(Implicits.scala:594)
	at dotty.tools.dotc.typer.ImplicitRunInfo$collectParts$2$.apply(Implicits.scala:599)
	at dotty.tools.dotc.typer.ImplicitRunInfo.recur$1(Implicits.scala:675)
	at dotty.tools.dotc.typer.ImplicitRunInfo.computeIScope(Implicits.scala:686)
	at dotty.tools.dotc.typer.ImplicitRunInfo.implicitScope(Implicits.scala:757)
	at dotty.tools.dotc.typer.ImplicitRunInfo.implicitScope$(Implicits.scala:543)
	at dotty.tools.dotc.Run.implicitScope(Run.scala:40)
	at dotty.tools.dotc.typer.Implicits$ImplicitSearch.implicitScope(Implicits.scala:1454)
	at dotty.tools.dotc.typer.Implicits$ImplicitSearch.searchImplicit(Implicits.scala:1417)
	at dotty.tools.dotc.typer.Implicits$ImplicitSearch.searchImplicit(Implicits.scala:1426)
	at dotty.tools.dotc.typer.Implicits$ImplicitSearch.bestImplicit(Implicits.scala:1451)
	at dotty.tools.dotc.typer.Implicits.inferImplicit(Implicits.scala:991)
	at dotty.tools.dotc.typer.Implicits.inferImplicit$(Implicits.scala:771)
	at dotty.tools.dotc.typer.Typer.inferImplicit(Typer.scala:107)
	at dotty.tools.dotc.typer.Implicits.inferView(Implicits.scala:817)
	at dotty.tools.dotc.typer.Implicits.inferView$(Implicits.scala:771)
	at dotty.tools.dotc.typer.Typer.inferView(Typer.scala:107)
	at dotty.tools.dotc.typer.Typer.tryExtensionOrConversion(Typer.scala:3190)
	at dotty.tools.dotc.typer.Typer.tryInsertImplicitOnQualifier$$anonfun$1(Typer.scala:3139)
	at dotty.tools.dotc.typer.Typer.tryEither(Typer.scala:3035)
	at dotty.tools.dotc.typer.Typer.tryInsertImplicitOnQualifier(Typer.scala:3143)
	at dotty.tools.dotc.typer.Typer.tryImplicit$1(Typer.scala:3101)
	at dotty.tools.dotc.typer.Typer.tryInsertApplyOrImplicit(Typer.scala:3114)
	at dotty.tools.dotc.typer.Typer.adapt1(Typer.scala:3906)
	at dotty.tools.dotc.typer.Typer.adapt(Typer.scala:3251)
	at dotty.tools.dotc.typer.Typer.tryApply$1(Typer.scala:3097)
	at dotty.tools.dotc.typer.Typer.tryInsertApplyOrImplicit$$anonfun$2(Typer.scala:3115)
	at dotty.tools.dotc.typer.Typer.tryEither(Typer.scala:3035)
	at dotty.tools.dotc.typer.Typer.tryInsertApplyOrImplicit(Typer.scala:3124)
	at dotty.tools.dotc.typer.Typer.adapt1(Typer.scala:3906)
	at dotty.tools.dotc.typer.Typer.adapt(Typer.scala:3251)
	at dotty.tools.dotc.typer.Typer.typed(Typer.scala:2907)
	at dotty.tools.dotc.typer.Typer.typed(Typer.scala:2911)
	at dotty.tools.dotc.typer.Typer.typedExpr(Typer.scala:3027)
	at dotty.tools.dotc.typer.Applications.typedTypeApply(Applications.scala:1087)
	at dotty.tools.dotc.typer.Applications.typedTypeApply$(Applications.scala:317)
	at dotty.tools.dotc.typer.Typer.typedTypeApply(Typer.scala:107)
	at dotty.tools.dotc.typer.Typer.typedUnnamed$1(Typer.scala:2798)
	at dotty.tools.dotc.typer.Typer.typedUnadapted(Typer.scala:2842)
	at dotty.tools.dotc.typer.Typer.typed(Typer.scala:2907)
	at dotty.tools.dotc.typer.Typer.typed(Typer.scala:2911)
	at dotty.tools.dotc.typer.Typer.typedExpr(Typer.scala:3027)
	at dotty.tools.dotc.typer.Typer.typedBlock(Typer.scala:1050)
	at dotty.tools.dotc.typer.Typer.typedUnnamed$1(Typer.scala:2787)
	at dotty.tools.dotc.typer.Typer.typedUnadapted(Typer.scala:2842)
	at dotty.tools.dotc.typer.Typer.typed(Typer.scala:2907)
	at dotty.tools.dotc.typer.Typer.typed(Typer.scala:2911)
	at dotty.tools.dotc.typer.Typer.typedExpr(Typer.scala:3027)
	at dotty.tools.dotc.typer.Namer.typedAheadExpr$$anonfun$1(Namer.scala:1430)
	at dotty.tools.dotc.typer.Namer.typedAhead(Namer.scala:1420)
	at dotty.tools.dotc.typer.Namer.typedAheadExpr(Namer.scala:1430)
	at dotty.tools.dotc.typer.Namer.valOrDefDefSig(Namer.scala:1487)
	at dotty.tools.dotc.typer.Namer.defDefSig(Namer.scala:1560)
	at dotty.tools.dotc.typer.Namer$Completer.typeSig(Namer.scala:756)
	at dotty.tools.dotc.typer.Namer$Completer.completeInCreationContext(Namer.scala:888)
	at dotty.tools.dotc.typer.Namer$Completer.complete(Namer.scala:780)
	at dotty.tools.dotc.core.SymDenotations$SymDenotation.completeFrom(SymDenotations.scala:168)
	at dotty.tools.dotc.core.Denotations$Denotation.completeInfo$1(Denotations.scala:188)
	at dotty.tools.dotc.core.Denotations$Denotation.info(Denotations.scala:190)
	at dotty.tools.dotc.core.SymDenotations$SymDenotation.ensureCompleted(SymDenotations.scala:370)
	at dotty.tools.dotc.typer.Typer.retrieveSym(Typer.scala:2721)
	at dotty.tools.dotc.typer.Typer.typedNamed$1(Typer.scala:2746)
	at dotty.tools.dotc.typer.Typer.typedUnadapted(Typer.scala:2841)
	at dotty.tools.dotc.typer.Typer.typed(Typer.scala:2907)
	at dotty.tools.dotc.typer.Typer.typed(Typer.scala:2911)
	at dotty.tools.dotc.typer.Typer.traverse$1(Typer.scala:2933)
	at dotty.tools.dotc.typer.Typer.typedStats(Typer.scala:2983)
	at dotty.tools.dotc.typer.Typer.typedBlockStats(Typer.scala:1044)
	at dotty.tools.dotc.typer.Typer.typedBlock(Typer.scala:1048)
	at dotty.tools.dotc.typer.Typer.typedUnnamed$1(Typer.scala:2787)
	at dotty.tools.dotc.typer.Typer.typedUnadapted(Typer.scala:2842)
	at dotty.tools.dotc.typer.Typer.typed(Typer.scala:2907)
	at dotty.tools.dotc.typer.Typer.typed(Typer.scala:2911)
	at dotty.tools.dotc.typer.Typer.typedFunctionValue(Typer.scala:1427)
	at dotty.tools.dotc.typer.Typer.typedFunction(Typer.scala:1216)
	at dotty.tools.dotc.typer.Typer.typedUnnamed$1(Typer.scala:2789)
	at dotty.tools.dotc.typer.Typer.typedUnadapted(Typer.scala:2842)
	at dotty.tools.dotc.typer.ProtoTypes$FunProto.$anonfun$7(ProtoTypes.scala:431)
	at dotty.tools.dotc.typer.ProtoTypes$FunProto.cacheTypedArg(ProtoTypes.scala:359)
	at dotty.tools.dotc.typer.ProtoTypes$FunProto.typedArg(ProtoTypes.scala:432)
	at dotty.tools.dotc.typer.Applications$ApplyToUntyped.typedArg(Applications.scala:853)
	at dotty.tools.dotc.typer.Applications$ApplyToUntyped.typedArg(Applications.scala:853)
	at dotty.tools.dotc.typer.Applications$Application.addTyped$1(Applications.scala:544)
	at dotty.tools.dotc.typer.Applications$Application.matchArgs(Applications.scala:609)
	at dotty.tools.dotc.typer.Applications$Application.init(Applications.scala:447)
	at dotty.tools.dotc.typer.Applications$TypedApply.<init>(Applications.scala:735)
	at dotty.tools.dotc.typer.Applications$ApplyToUntyped.<init>(Applications.scala:852)
	at dotty.tools.dotc.typer.Applications.ApplyTo(Applications.scala:1060)
	at dotty.tools.dotc.typer.Applications.ApplyTo$(Applications.scala:317)
	at dotty.tools.dotc.typer.Typer.ApplyTo(Typer.scala:107)
	at dotty.tools.dotc.typer.Applications.simpleApply$1(Applications.scala:907)
	at dotty.tools.dotc.typer.Applications.realApply$1$$anonfun$4(Applications.scala:986)
	at dotty.tools.dotc.typer.Typer.tryEither(Typer.scala:3035)
	at dotty.tools.dotc.typer.Applications.realApply$1(Applications.scala:997)
	at dotty.tools.dotc.typer.Applications.typedApply(Applications.scala:1035)
	at dotty.tools.dotc.typer.Applications.typedApply$(Applications.scala:317)
	at dotty.tools.dotc.typer.Typer.typedApply(Typer.scala:107)
	at dotty.tools.dotc.typer.Typer.typedUnnamed$1(Typer.scala:2779)
	at dotty.tools.dotc.typer.Typer.typedUnadapted(Typer.scala:2842)
	at dotty.tools.dotc.typer.Typer.typedUnnamed$1(Typer.scala:2826)
	at dotty.tools.dotc.typer.Typer.typedUnadapted(Typer.scala:2842)
	at dotty.tools.dotc.typer.Typer.typed(Typer.scala:2907)
	at dotty.tools.dotc.typer.Typer.typed(Typer.scala:2911)
	at dotty.tools.dotc.typer.Typer.typedExpr(Typer.scala:3027)
	at dotty.tools.dotc.typer.Typer.typedBlock(Typer.scala:1050)
	at dotty.tools.dotc.typer.Typer.typedUnnamed$1(Typer.scala:2787)
	at dotty.tools.dotc.typer.Typer.typedUnadapted(Typer.scala:2842)
	at dotty.tools.dotc.typer.Typer.typed(Typer.scala:2907)
	at dotty.tools.dotc.typer.Typer.typed(Typer.scala:2911)
	at dotty.tools.dotc.typer.Typer.typedExpr(Typer.scala:3027)
	at dotty.tools.dotc.typer.Typer.$anonfun$46(Typer.scala:2228)
	at dotty.tools.dotc.typer.PrepareInlineable$.dropInlineIfError(PrepareInlineable.scala:238)
	at dotty.tools.dotc.typer.Typer.typedDefDef(Typer.scala:2228)
	at dotty.tools.dotc.typer.Typer.typedNamed$1(Typer.scala:2756)
	at dotty.tools.dotc.typer.Typer.typedUnadapted(Typer.scala:2841)
	at dotty.tools.dotc.typer.Typer.typed(Typer.scala:2907)
	at dotty.tools.dotc.typer.Typer.typed(Typer.scala:2911)
	at dotty.tools.dotc.typer.Typer.traverse$1(Typer.scala:2933)
	at dotty.tools.dotc.typer.Typer.typedStats(Typer.scala:2983)
	at dotty.tools.dotc.typer.Typer.typedClassDef(Typer.scala:2426)
	at dotty.tools.dotc.typer.Typer.typedTypeOrClassDef$1(Typer.scala:2767)
	at dotty.tools.dotc.typer.Typer.typedNamed$1(Typer.scala:2771)
	at dotty.tools.dotc.typer.Typer.typedUnadapted(Typer.scala:2841)
	at dotty.tools.dotc.typer.Typer.typed(Typer.scala:2907)
	at dotty.tools.dotc.typer.Typer.typed(Typer.scala:2911)
	at dotty.tools.dotc.typer.Typer.traverse$1(Typer.scala:2933)
	at dotty.tools.dotc.typer.Typer.typedStats(Typer.scala:2983)
	at dotty.tools.dotc.typer.Typer.typedPackageDef(Typer.scala:2553)
	at dotty.tools.dotc.typer.Typer.typedUnnamed$1(Typer.scala:2812)
	at dotty.tools.dotc.typer.Typer.typedUnadapted(Typer.scala:2842)
	at dotty.tools.dotc.typer.Typer.typed(Typer.scala:2907)
	at dotty.tools.dotc.typer.Typer.typed(Typer.scala:2911)
	at dotty.tools.dotc.typer.Typer.typedExpr(Typer.scala:3027)
	at dotty.tools.dotc.typer.TyperPhase.liftedTree1$1(TyperPhase.scala:56)
	at dotty.tools.dotc.typer.TyperPhase.typeCheck$$anonfun$1(TyperPhase.scala:62)
	at dotty.tools.dotc.core.Phases$Phase.monitor(Phases.scala:411)
	at dotty.tools.dotc.typer.TyperPhase.typeCheck(TyperPhase.scala:63)
	at dotty.tools.dotc.typer.TyperPhase.runOn$$anonfun$1(TyperPhase.scala:106)
	at scala.runtime.function.JProcedure1.apply(JProcedure1.java:15)
	at scala.runtime.function.JProcedure1.apply(JProcedure1.java:10)
	at scala.collection.immutable.List.foreach(List.scala:333)
	at dotty.tools.dotc.typer.TyperPhase.runOn(TyperPhase.scala:106)
	at dotty.tools.dotc.Run.runPhases$1$$anonfun$1(Run.scala:261)
	at scala.runtime.function.JProcedure1.apply(JProcedure1.java:15)
	at scala.runtime.function.JProcedure1.apply(JProcedure1.java:10)
	at scala.collection.ArrayOps$.foreach$extension(ArrayOps.scala:1328)
	at dotty.tools.dotc.Run.runPhases$1(Run.scala:272)
	at dotty.tools.dotc.Run.compileUnits$$anonfun$1(Run.scala:280)
	at scala.runtime.java8.JFunction0$mcV$sp.apply(JFunction0$mcV$sp.scala:18)
	at dotty.tools.dotc.util.Stats$.maybeMonitored(Stats.scala:68)
	at dotty.tools.dotc.Run.compileUnits(Run.scala:289)
	at dotty.tools.dotc.Run.compileSources(Run.scala:222)
	at dotty.tools.dotc.interactive.InteractiveDriver.run(InteractiveDriver.scala:163)
	at scala.meta.internal.pc.ScalaPresentationCompiler.signatureHelp$$anonfun$1(ScalaPresentationCompiler.scala:220)
	at scala.meta.internal.pc.CompilerAccess.withSharedCompiler(CompilerAccess.scala:137)
	at scala.meta.internal.pc.CompilerAccess.withNonInterruptableCompiler$$anonfun$1(CompilerAccess.scala:125)
	at scala.meta.internal.pc.CompilerAccess.onCompilerJobQueue$$anonfun$1(CompilerAccess.scala:197)
	at scala.meta.internal.pc.CompilerJobQueue$Job.run(CompilerJobQueue.scala:139)
	at java.base/java.util.concurrent.ThreadPoolExecutor.runWorker(ThreadPoolExecutor.java:1130)
	at java.base/java.util.concurrent.ThreadPoolExecutor$Worker.run(ThreadPoolExecutor.java:630)
	at java.base/java.lang.Thread.run(Thread.java:831)
Exception in thread "pool-3-thread-3" java.lang.AssertionError: assertion failed: `wildApprox` failed to remove uninstantiated U
	at scala.runtime.Scala3RunTime$.assertFailed(Scala3RunTime.scala:8)
	at dotty.tools.dotc.typer.ImplicitRunInfo$collectParts$2$.traverse(Implicits.scala:589)
	at dotty.tools.dotc.core.Types$TypeTraverser.apply(Types.scala:5958)
	at dotty.tools.dotc.core.Types$TypeTraverser.apply(Types.scala:5958)
	at dotty.tools.dotc.core.Types$TypeAccumulator.foldOver(Types.scala:5892)
	at dotty.tools.dotc.core.Types$TypeTraverser.traverseChildren(Types.scala:5959)
	at dotty.tools.dotc.typer.ImplicitRunInfo$collectParts$2$.traverse(Implicits.scala:594)
	at dotty.tools.dotc.core.Types$TypeTraverser.apply(Types.scala:5958)
	at dotty.tools.dotc.core.Types$TypeTraverser.apply(Types.scala:5958)
	at dotty.tools.dotc.typer.ProtoTypes$PolyProto.fold(ProtoTypes.scala:599)
	at dotty.tools.dotc.core.Types$TypeAccumulator.foldOver(Types.scala:5921)
	at dotty.tools.dotc.core.Types$TypeTraverser.traverseChildren(Types.scala:5959)
	at dotty.tools.dotc.typer.ImplicitRunInfo$collectParts$2$.traverse(Implicits.scala:594)
	at dotty.tools.dotc.core.Types$TypeTraverser.apply(Types.scala:5958)
	at dotty.tools.dotc.core.Types$TypeTraverser.apply(Types.scala:5958)
	at dotty.tools.dotc.typer.ProtoTypes$SelectionProto.fold(ProtoTypes.scala:214)
	at dotty.tools.dotc.core.Types$TypeAccumulator.foldOver(Types.scala:5921)
	at dotty.tools.dotc.core.Types$TypeTraverser.traverseChildren(Types.scala:5959)
	at dotty.tools.dotc.typer.ImplicitRunInfo$collectParts$2$.traverse(Implicits.scala:594)
	at dotty.tools.dotc.core.Types$TypeTraverser.apply(Types.scala:5958)
	at dotty.tools.dotc.core.Types$TypeTraverser.apply(Types.scala:5958)
	at dotty.tools.dotc.typer.ProtoTypes$ViewProto.fold(ProtoTypes.scala:545)
	at dotty.tools.dotc.core.Types$TypeAccumulator.foldOver(Types.scala:5921)
	at dotty.tools.dotc.core.Types$TypeTraverser.traverseChildren(Types.scala:5959)
	at dotty.tools.dotc.typer.ImplicitRunInfo$collectParts$2$.traverse(Implicits.scala:594)
	at dotty.tools.dotc.typer.ImplicitRunInfo$collectParts$2$.apply(Implicits.scala:599)
	at dotty.tools.dotc.typer.ImplicitRunInfo.recur$1(Implicits.scala:675)
	at dotty.tools.dotc.typer.ImplicitRunInfo.computeIScope(Implicits.scala:686)
	at dotty.tools.dotc.typer.ImplicitRunInfo.implicitScope(Implicits.scala:757)
	at dotty.tools.dotc.typer.ImplicitRunInfo.implicitScope$(Implicits.scala:543)
	at dotty.tools.dotc.Run.implicitScope(Run.scala:40)
	at dotty.tools.dotc.typer.Implicits$ImplicitSearch.implicitScope(Implicits.scala:1454)
	at dotty.tools.dotc.typer.Implicits$ImplicitSearch.searchImplicit(Implicits.scala:1417)
	at dotty.tools.dotc.typer.Implicits$ImplicitSearch.searchImplicit(Implicits.scala:1426)
	at dotty.tools.dotc.typer.Implicits$ImplicitSearch.bestImplicit(Implicits.scala:1451)
	at dotty.tools.dotc.typer.Implicits.inferImplicit(Implicits.scala:991)
	at dotty.tools.dotc.typer.Implicits.inferImplicit$(Implicits.scala:771)
	at dotty.tools.dotc.typer.Typer.inferImplicit(Typer.scala:107)
	at dotty.tools.dotc.typer.Implicits.inferView(Implicits.scala:817)
	at dotty.tools.dotc.typer.Implicits.inferView$(Implicits.scala:771)
	at dotty.tools.dotc.typer.Typer.inferView(Typer.scala:107)
	at dotty.tools.dotc.typer.Typer.tryExtensionOrConversion(Typer.scala:3190)
	at dotty.tools.dotc.typer.Typer.tryInsertImplicitOnQualifier$$anonfun$1(Typer.scala:3139)
	at dotty.tools.dotc.typer.Typer.tryEither(Typer.scala:3035)
	at dotty.tools.dotc.typer.Typer.tryInsertImplicitOnQualifier(Typer.scala:3143)
	at dotty.tools.dotc.typer.Typer.tryImplicit$1(Typer.scala:3101)
	at dotty.tools.dotc.typer.Typer.tryInsertApplyOrImplicit(Typer.scala:3114)
	at dotty.tools.dotc.typer.Typer.adapt1(Typer.scala:3906)
	at dotty.tools.dotc.typer.Typer.adapt(Typer.scala:3251)
	at dotty.tools.dotc.typer.Typer.tryApply$1(Typer.scala:3097)
	at dotty.tools.dotc.typer.Typer.tryInsertApplyOrImplicit$$anonfun$2(Typer.scala:3115)
	at dotty.tools.dotc.typer.Typer.tryEither(Typer.scala:3035)
	at dotty.tools.dotc.typer.Typer.tryInsertApplyOrImplicit(Typer.scala:3124)
	at dotty.tools.dotc.typer.Typer.adapt1(Typer.scala:3906)
	at dotty.tools.dotc.typer.Typer.adapt(Typer.scala:3251)
	at dotty.tools.dotc.typer.Typer.typed(Typer.scala:2907)
	at dotty.tools.dotc.typer.Typer.typed(Typer.scala:2911)
	at dotty.tools.dotc.typer.Typer.typedExpr(Typer.scala:3027)
	at dotty.tools.dotc.typer.Applications.typedTypeApply(Applications.scala:1087)
	at dotty.tools.dotc.typer.Applications.typedTypeApply$(Applications.scala:317)
	at dotty.tools.dotc.typer.Typer.typedTypeApply(Typer.scala:107)
	at dotty.tools.dotc.typer.Typer.typedUnnamed$1(Typer.scala:2798)
	at dotty.tools.dotc.typer.Typer.typedUnadapted(Typer.scala:2842)
	at dotty.tools.dotc.typer.Typer.typed(Typer.scala:2907)
	at dotty.tools.dotc.typer.Typer.typed(Typer.scala:2911)
	at dotty.tools.dotc.typer.Typer.typedExpr(Typer.scala:3027)
	at dotty.tools.dotc.typer.Typer.typedBlock(Typer.scala:1050)
	at dotty.tools.dotc.typer.Typer.typedUnnamed$1(Typer.scala:2787)
	at dotty.tools.dotc.typer.Typer.typedUnadapted(Typer.scala:2842)
	at dotty.tools.dotc.typer.Typer.typed(Typer.scala:2907)
	at dotty.tools.dotc.typer.Typer.typed(Typer.scala:2911)
	at dotty.tools.dotc.typer.Typer.typedExpr(Typer.scala:3027)
	at dotty.tools.dotc.typer.Namer.typedAheadExpr$$anonfun$1(Namer.scala:1430)
	at dotty.tools.dotc.typer.Namer.typedAhead(Namer.scala:1420)
	at dotty.tools.dotc.typer.Namer.typedAheadExpr(Namer.scala:1430)
	at dotty.tools.dotc.typer.Namer.valOrDefDefSig(Namer.scala:1487)
	at dotty.tools.dotc.typer.Namer.defDefSig(Namer.scala:1560)
	at dotty.tools.dotc.typer.Namer$Completer.typeSig(Namer.scala:756)
	at dotty.tools.dotc.typer.Namer$Completer.completeInCreationContext(Namer.scala:888)
	at dotty.tools.dotc.typer.Namer$Completer.complete(Namer.scala:780)
	at dotty.tools.dotc.core.SymDenotations$SymDenotation.completeFrom(SymDenotations.scala:168)
	at dotty.tools.dotc.core.Denotations$Denotation.completeInfo$1(Denotations.scala:188)
	at dotty.tools.dotc.core.Denotations$Denotation.info(Denotations.scala:190)
	at dotty.tools.dotc.core.SymDenotations$SymDenotation.ensureCompleted(SymDenotations.scala:370)
	at dotty.tools.dotc.typer.Typer.retrieveSym(Typer.scala:2721)
	at dotty.tools.dotc.typer.Typer.typedNamed$1(Typer.scala:2746)
	at dotty.tools.dotc.typer.Typer.typedUnadapted(Typer.scala:2841)
	at dotty.tools.dotc.typer.Typer.typed(Typer.scala:2907)
	at dotty.tools.dotc.typer.Typer.typed(Typer.scala:2911)
	at dotty.tools.dotc.typer.Typer.traverse$1(Typer.scala:2933)
	at dotty.tools.dotc.typer.Typer.typedStats(Typer.scala:2983)
	at dotty.tools.dotc.typer.Typer.typedBlockStats(Typer.scala:1044)
	at dotty.tools.dotc.typer.Typer.typedBlock(Typer.scala:1048)
	at dotty.tools.dotc.typer.Typer.typedUnnamed$1(Typer.scala:2787)
	at dotty.tools.dotc.typer.Typer.typedUnadapted(Typer.scala:2842)
	at dotty.tools.dotc.typer.Typer.typed(Typer.scala:2907)
	at dotty.tools.dotc.typer.Typer.typed(Typer.scala:2911)
	at dotty.tools.dotc.typer.Typer.typedFunctionValue(Typer.scala:1427)
	at dotty.tools.dotc.typer.Typer.typedFunction(Typer.scala:1216)
	at dotty.tools.dotc.typer.Typer.typedUnnamed$1(Typer.scala:2789)
	at dotty.tools.dotc.typer.Typer.typedUnadapted(Typer.scala:2842)
	at dotty.tools.dotc.typer.ProtoTypes$FunProto.$anonfun$7(ProtoTypes.scala:431)
	at dotty.tools.dotc.typer.ProtoTypes$FunProto.cacheTypedArg(ProtoTypes.scala:359)
	at dotty.tools.dotc.typer.ProtoTypes$FunProto.typedArg(ProtoTypes.scala:432)
	at dotty.tools.dotc.typer.Applications$ApplyToUntyped.typedArg(Applications.scala:853)
	at dotty.tools.dotc.typer.Applications$ApplyToUntyped.typedArg(Applications.scala:853)
	at dotty.tools.dotc.typer.Applications$Application.addTyped$1(Applications.scala:544)
	at dotty.tools.dotc.typer.Applications$Application.matchArgs(Applications.scala:609)
	at dotty.tools.dotc.typer.Applications$Application.init(Applications.scala:447)
	at dotty.tools.dotc.typer.Applications$TypedApply.<init>(Applications.scala:735)
	at dotty.tools.dotc.typer.Applications$ApplyToUntyped.<init>(Applications.scala:852)
	at dotty.tools.dotc.typer.Applications.ApplyTo(Applications.scala:1060)
	at dotty.tools.dotc.typer.Applications.ApplyTo$(Applications.scala:317)
	at dotty.tools.dotc.typer.Typer.ApplyTo(Typer.scala:107)
	at dotty.tools.dotc.typer.Applications.simpleApply$1(Applications.scala:907)
	at dotty.tools.dotc.typer.Applications.realApply$1$$anonfun$4(Applications.scala:986)
	at dotty.tools.dotc.typer.Typer.tryEither(Typer.scala:3035)
	at dotty.tools.dotc.typer.Applications.realApply$1(Applications.scala:997)
	at dotty.tools.dotc.typer.Applications.typedApply(Applications.scala:1035)
	at dotty.tools.dotc.typer.Applications.typedApply$(Applications.scala:317)
	at dotty.tools.dotc.typer.Typer.typedApply(Typer.scala:107)
	at dotty.tools.dotc.typer.Typer.typedUnnamed$1(Typer.scala:2779)
	at dotty.tools.dotc.typer.Typer.typedUnadapted(Typer.scala:2842)
	at dotty.tools.dotc.typer.Typer.typedUnnamed$1(Typer.scala:2826)
	at dotty.tools.dotc.typer.Typer.typedUnadapted(Typer.scala:2842)
	at dotty.tools.dotc.typer.Typer.typed(Typer.scala:2907)
	at dotty.tools.dotc.typer.Typer.typed(Typer.scala:2911)
	at dotty.tools.dotc.typer.Typer.typedExpr(Typer.scala:3027)
	at dotty.tools.dotc.typer.Typer.typedBlock(Typer.scala:1050)
	at dotty.tools.dotc.typer.Typer.typedUnnamed$1(Typer.scala:2787)
	at dotty.tools.dotc.typer.Typer.typedUnadapted(Typer.scala:2842)
	at dotty.tools.dotc.typer.Typer.typed(Typer.scala:2907)
	at dotty.tools.dotc.typer.Typer.typed(Typer.scala:2911)
	at dotty.tools.dotc.typer.Typer.typedExpr(Typer.scala:3027)
	at dotty.tools.dotc.typer.Typer.$anonfun$46(Typer.scala:2228)
	at dotty.tools.dotc.typer.PrepareInlineable$.dropInlineIfError(PrepareInlineable.scala:238)
	at dotty.tools.dotc.typer.Typer.typedDefDef(Typer.scala:2228)
	at dotty.tools.dotc.typer.Typer.typedNamed$1(Typer.scala:2756)
	at dotty.tools.dotc.typer.Typer.typedUnadapted(Typer.scala:2841)
	at dotty.tools.dotc.typer.Typer.typed(Typer.scala:2907)
	at dotty.tools.dotc.typer.Typer.typed(Typer.scala:2911)
	at dotty.tools.dotc.typer.Typer.traverse$1(Typer.scala:2933)
	at dotty.tools.dotc.typer.Typer.typedStats(Typer.scala:2983)
	at dotty.tools.dotc.typer.Typer.typedClassDef(Typer.scala:2426)
	at dotty.tools.dotc.typer.Typer.typedTypeOrClassDef$1(Typer.scala:2767)
	at dotty.tools.dotc.typer.Typer.typedNamed$1(Typer.scala:2771)
	at dotty.tools.dotc.typer.Typer.typedUnadapted(Typer.scala:2841)
	at dotty.tools.dotc.typer.Typer.typed(Typer.scala:2907)
	at dotty.tools.dotc.typer.Typer.typed(Typer.scala:2911)
	at dotty.tools.dotc.typer.Typer.traverse$1(Typer.scala:2933)
	at dotty.tools.dotc.typer.Typer.typedStats(Typer.scala:2983)
	at dotty.tools.dotc.typer.Typer.typedPackageDef(Typer.scala:2553)
	at dotty.tools.dotc.typer.Typer.typedUnnamed$1(Typer.scala:2812)
	at dotty.tools.dotc.typer.Typer.typedUnadapted(Typer.scala:2842)
	at dotty.tools.dotc.typer.Typer.typed(Typer.scala:2907)
	at dotty.tools.dotc.typer.Typer.typed(Typer.scala:2911)
	at dotty.tools.dotc.typer.Typer.typedExpr(Typer.scala:3027)
	at dotty.tools.dotc.typer.TyperPhase.liftedTree1$1(TyperPhase.scala:56)
	at dotty.tools.dotc.typer.TyperPhase.typeCheck$$anonfun$1(TyperPhase.scala:62)
	at dotty.tools.dotc.core.Phases$Phase.monitor(Phases.scala:411)
	at dotty.tools.dotc.typer.TyperPhase.typeCheck(TyperPhase.scala:63)
	at dotty.tools.dotc.typer.TyperPhase.runOn$$anonfun$1(TyperPhase.scala:106)
	at scala.runtime.function.JProcedure1.apply(JProcedure1.java:15)
	at scala.runtime.function.JProcedure1.apply(JProcedure1.java:10)
	at scala.collection.immutable.List.foreach(List.scala:333)
	at dotty.tools.dotc.typer.TyperPhase.runOn(TyperPhase.scala:106)
	at dotty.tools.dotc.Run.runPhases$1$$anonfun$1(Run.scala:261)
	at scala.runtime.function.JProcedure1.apply(JProcedure1.java:15)
	at scala.runtime.function.JProcedure1.apply(JProcedure1.java:10)
	at scala.collection.ArrayOps$.foreach$extension(ArrayOps.scala:1328)
	at dotty.tools.dotc.Run.runPhases$1(Run.scala:272)
	at dotty.tools.dotc.Run.compileUnits$$anonfun$1(Run.scala:280)
	at scala.runtime.java8.JFunction0$mcV$sp.apply(JFunction0$mcV$sp.scala:18)
	at dotty.tools.dotc.util.Stats$.maybeMonitored(Stats.scala:68)
	at dotty.tools.dotc.Run.compileUnits(Run.scala:289)
	at dotty.tools.dotc.Run.compileSources(Run.scala:222)
	at dotty.tools.dotc.interactive.InteractiveDriver.run(InteractiveDriver.scala:163)
	at scala.meta.internal.pc.ScalaPresentationCompiler.signatureHelp$$anonfun$1(ScalaPresentationCompiler.scala:220)
	at scala.meta.internal.pc.CompilerAccess.withSharedCompiler(CompilerAccess.scala:137)
	at scala.meta.internal.pc.CompilerAccess.withNonInterruptableCompiler$$anonfun$1(CompilerAccess.scala:125)
	at scala.meta.internal.pc.CompilerAccess.onCompilerJobQueue$$anonfun$1(CompilerAccess.scala:197)
	at scala.meta.internal.pc.CompilerJobQueue$Job.run(CompilerJobQueue.scala:139)
	at java.base/java.util.concurrent.ThreadPoolExecutor.runWorker(ThreadPoolExecutor.java:1130)
	at java.base/java.util.concurrent.ThreadPoolExecutor$Worker.run(ThreadPoolExecutor.java:630)
	at java.base/java.lang.Thread.run(Thread.java:831)
Exception in thread "pool-3-thread-4" java.util.NoSuchElementException: head of empty list
	at scala.collection.immutable.Nil$.head(List.scala:662)
	at scala.collection.immutable.Nil$.head(List.scala:661)
	at dotty.tools.dotc.core.TypeOps$.intersect$1(TypeOps.scala:215)
	at dotty.tools.dotc.core.TypeOps$.$anonfun$3(TypeOps.scala:348)
	at dotty.tools.dotc.core.Types$Type.mapReduceOr(Types.scala:479)
	at dotty.tools.dotc.core.TypeOps$.approximateOr$1(TypeOps.scala:348)
	at dotty.tools.dotc.core.TypeOps$.orDominator(TypeOps.scala:362)
	at dotty.tools.dotc.core.Types$OrType.join(Types.scala:3243)
	at dotty.tools.dotc.core.Types$OrType.widenUnionWithoutNull(Types.scala:3259)
	at dotty.tools.dotc.core.Types$Type.widenUnion(Types.scala:1286)
	at dotty.tools.dotc.core.ConstraintHandling.widenOr$1(ConstraintHandling.scala:348)
	at dotty.tools.dotc.core.ConstraintHandling.widenInferred(ConstraintHandling.scala:361)
	at dotty.tools.dotc.core.ConstraintHandling.widenInferred$(ConstraintHandling.scala:27)
	at dotty.tools.dotc.core.TypeComparer.widenInferred(TypeComparer.scala:30)
	at dotty.tools.dotc.core.ConstraintHandling.instanceType(ConstraintHandling.scala:378)
	at dotty.tools.dotc.core.ConstraintHandling.instanceType$(ConstraintHandling.scala:27)
	at dotty.tools.dotc.core.TypeComparer.instanceType(TypeComparer.scala:30)
	at dotty.tools.dotc.core.TypeComparer$.instanceType(TypeComparer.scala:2796)
	at dotty.tools.dotc.core.Types$TypeVar.instantiate(Types.scala:4601)
	at dotty.tools.dotc.typer.Inferencing.doInstantiate$1(Inferencing.scala:663)
	at dotty.tools.dotc.typer.Inferencing.interpolateTypeVars(Inferencing.scala:668)
	at dotty.tools.dotc.typer.Inferencing.interpolateTypeVars$(Inferencing.scala:535)
	at dotty.tools.dotc.typer.Typer.interpolateTypeVars(Typer.scala:107)
	at dotty.tools.dotc.typer.Typer.simplify(Typer.scala:2858)
	at dotty.tools.dotc.typer.Typer.typedUnadapted(Typer.scala:2844)
	at dotty.tools.dotc.typer.Typer.typedUnnamed$1(Typer.scala:2826)
	at dotty.tools.dotc.typer.Typer.typedUnadapted(Typer.scala:2842)
	at dotty.tools.dotc.typer.Typer.typed(Typer.scala:2907)
	at dotty.tools.dotc.typer.Typer.typed(Typer.scala:2911)
	at dotty.tools.dotc.typer.Typer.typedExpr(Typer.scala:3027)
	at dotty.tools.dotc.typer.Typer.typedBlock(Typer.scala:1050)
	at dotty.tools.dotc.typer.Typer.typedUnnamed$1(Typer.scala:2787)
	at dotty.tools.dotc.typer.Typer.typedUnadapted(Typer.scala:2842)
	at dotty.tools.dotc.typer.Typer.typed(Typer.scala:2907)
	at dotty.tools.dotc.typer.Typer.typed(Typer.scala:2911)
	at dotty.tools.dotc.typer.Typer.typedExpr(Typer.scala:3027)
	at dotty.tools.dotc.typer.Typer.$anonfun$46(Typer.scala:2228)
	at dotty.tools.dotc.typer.PrepareInlineable$.dropInlineIfError(PrepareInlineable.scala:238)
	at dotty.tools.dotc.typer.Typer.typedDefDef(Typer.scala:2228)
	at dotty.tools.dotc.typer.Typer.typedNamed$1(Typer.scala:2756)
	at dotty.tools.dotc.typer.Typer.typedUnadapted(Typer.scala:2841)
	at dotty.tools.dotc.typer.Typer.typed(Typer.scala:2907)
	at dotty.tools.dotc.typer.Typer.typed(Typer.scala:2911)
	at dotty.tools.dotc.typer.Typer.traverse$1(Typer.scala:2933)
	at dotty.tools.dotc.typer.Typer.typedStats(Typer.scala:2983)
	at dotty.tools.dotc.typer.Typer.typedClassDef(Typer.scala:2426)
	at dotty.tools.dotc.typer.Typer.typedTypeOrClassDef$1(Typer.scala:2767)
	at dotty.tools.dotc.typer.Typer.typedNamed$1(Typer.scala:2771)
	at dotty.tools.dotc.typer.Typer.typedUnadapted(Typer.scala:2841)
	at dotty.tools.dotc.typer.Typer.typed(Typer.scala:2907)
	at dotty.tools.dotc.typer.Typer.typed(Typer.scala:2911)
	at dotty.tools.dotc.typer.Typer.traverse$1(Typer.scala:2933)
	at dotty.tools.dotc.typer.Typer.typedStats(Typer.scala:2983)
	at dotty.tools.dotc.typer.Typer.typedPackageDef(Typer.scala:2553)
	at dotty.tools.dotc.typer.Typer.typedUnnamed$1(Typer.scala:2812)
	at dotty.tools.dotc.typer.Typer.typedUnadapted(Typer.scala:2842)
	at dotty.tools.dotc.typer.Typer.typed(Typer.scala:2907)
	at dotty.tools.dotc.typer.Typer.typed(Typer.scala:2911)
	at dotty.tools.dotc.typer.Typer.typedExpr(Typer.scala:3027)
	at dotty.tools.dotc.typer.TyperPhase.liftedTree1$1(TyperPhase.scala:56)
	at dotty.tools.dotc.typer.TyperPhase.typeCheck$$anonfun$1(TyperPhase.scala:62)
	at dotty.tools.dotc.core.Phases$Phase.monitor(Phases.scala:411)
	at dotty.tools.dotc.typer.TyperPhase.typeCheck(TyperPhase.scala:63)
	at dotty.tools.dotc.typer.TyperPhase.runOn$$anonfun$1(TyperPhase.scala:106)
	at scala.runtime.function.JProcedure1.apply(JProcedure1.java:15)
	at scala.runtime.function.JProcedure1.apply(JProcedure1.java:10)
	at scala.collection.immutable.List.foreach(List.scala:333)
	at dotty.tools.dotc.typer.TyperPhase.runOn(TyperPhase.scala:106)
	at dotty.tools.dotc.Run.runPhases$1$$anonfun$1(Run.scala:261)
	at scala.runtime.function.JProcedure1.apply(JProcedure1.java:15)
	at scala.runtime.function.JProcedure1.apply(JProcedure1.java:10)
	at scala.collection.ArrayOps$.foreach$extension(ArrayOps.scala:1328)
	at dotty.tools.dotc.Run.runPhases$1(Run.scala:272)
	at dotty.tools.dotc.Run.compileUnits$$anonfun$1(Run.scala:280)
	at scala.runtime.java8.JFunction0$mcV$sp.apply(JFunction0$mcV$sp.scala:18)
	at dotty.tools.dotc.util.Stats$.maybeMonitored(Stats.scala:68)
	at dotty.tools.dotc.Run.compileUnits(Run.scala:289)
	at dotty.tools.dotc.Run.compileSources(Run.scala:222)
	at dotty.tools.dotc.interactive.InteractiveDriver.run(InteractiveDriver.scala:163)
	at scala.meta.internal.pc.completions.CompletionsProvider.completions(CompletionsProvider.scala:39)
	at scala.meta.internal.pc.ScalaPresentationCompiler.complete$$anonfun$1(ScalaPresentationCompiler.scala:91)
	at scala.meta.internal.pc.CompilerAccess.withSharedCompiler(CompilerAccess.scala:137)
	at scala.meta.internal.pc.CompilerAccess.$anonfun$1(CompilerAccess.scala:87)
	at scala.meta.internal.pc.CompilerAccess.onCompilerJobQueue$$anonfun$1(CompilerAccess.scala:197)
	at scala.meta.internal.pc.CompilerJobQueue$Job.run(CompilerJobQueue.scala:139)
	at java.base/java.util.concurrent.ThreadPoolExecutor.runWorker(ThreadPoolExecutor.java:1130)
	at java.base/java.util.concurrent.ThreadPoolExecutor$Worker.run(ThreadPoolExecutor.java:630)
	at java.base/java.lang.Thread.run(Thread.java:831)
Mar 15, 2022 5:43:21 AM org.eclipse.lsp4j.jsonrpc.RemoteEndpoint handleCancellation
WARNING: Unmatched cancel notification for request id 1127
Mar 15, 2022 5:45:59 AM org.eclipse.lsp4j.jsonrpc.RemoteEndpoint handleCancellation
WARNING: Unmatched cancel notification for request id 1670
Exception in thread "pool-3-thread-5" java.util.NoSuchElementException: head of empty list
	at scala.collection.immutable.Nil$.head(List.scala:662)
	at scala.collection.immutable.Nil$.head(List.scala:661)
	at dotty.tools.dotc.core.TypeOps$.intersect$1(TypeOps.scala:215)
	at dotty.tools.dotc.core.TypeOps$.$anonfun$3(TypeOps.scala:348)
	at dotty.tools.dotc.core.Types$Type.mapReduceOr(Types.scala:479)
	at dotty.tools.dotc.core.TypeOps$.approximateOr$1(TypeOps.scala:348)
	at dotty.tools.dotc.core.TypeOps$.orDominator(TypeOps.scala:362)
	at dotty.tools.dotc.core.Types$OrType.join(Types.scala:3243)
	at dotty.tools.dotc.core.Types$OrType.widenUnionWithoutNull(Types.scala:3259)
	at dotty.tools.dotc.core.Types$Type.widenUnion(Types.scala:1286)
	at dotty.tools.dotc.core.ConstraintHandling.widenOr$1(ConstraintHandling.scala:348)
	at dotty.tools.dotc.core.ConstraintHandling.widenInferred(ConstraintHandling.scala:361)
	at dotty.tools.dotc.core.ConstraintHandling.widenInferred$(ConstraintHandling.scala:27)
	at dotty.tools.dotc.core.TypeComparer.widenInferred(TypeComparer.scala:30)
	at dotty.tools.dotc.core.ConstraintHandling.instanceType(ConstraintHandling.scala:378)
	at dotty.tools.dotc.core.ConstraintHandling.instanceType$(ConstraintHandling.scala:27)
	at dotty.tools.dotc.core.TypeComparer.instanceType(TypeComparer.scala:30)
	at dotty.tools.dotc.core.TypeComparer$.instanceType(TypeComparer.scala:2796)
	at dotty.tools.dotc.core.Types$TypeVar.instantiate(Types.scala:4601)
	at dotty.tools.dotc.typer.Inferencing.doInstantiate$1(Inferencing.scala:663)
	at dotty.tools.dotc.typer.Inferencing.interpolateTypeVars(Inferencing.scala:668)
	at dotty.tools.dotc.typer.Inferencing.interpolateTypeVars$(Inferencing.scala:535)
	at dotty.tools.dotc.typer.Typer.interpolateTypeVars(Typer.scala:107)
	at dotty.tools.dotc.typer.Typer.simplify(Typer.scala:2858)
	at dotty.tools.dotc.typer.Typer.typedUnadapted(Typer.scala:2844)
	at dotty.tools.dotc.typer.Typer.typedUnnamed$1(Typer.scala:2826)
	at dotty.tools.dotc.typer.Typer.typedUnadapted(Typer.scala:2842)
	at dotty.tools.dotc.typer.Typer.typed(Typer.scala:2907)
	at dotty.tools.dotc.typer.Typer.typed(Typer.scala:2911)
	at dotty.tools.dotc.typer.Typer.typedExpr(Typer.scala:3027)
	at dotty.tools.dotc.typer.Typer.typedBlock(Typer.scala:1050)
	at dotty.tools.dotc.typer.Typer.typedUnnamed$1(Typer.scala:2787)
	at dotty.tools.dotc.typer.Typer.typedUnadapted(Typer.scala:2842)
	at dotty.tools.dotc.typer.Typer.typed(Typer.scala:2907)
	at dotty.tools.dotc.typer.Typer.typed(Typer.scala:2911)
	at dotty.tools.dotc.typer.Typer.typedExpr(Typer.scala:3027)
	at dotty.tools.dotc.typer.Namer.typedAheadExpr$$anonfun$1(Namer.scala:1430)
	at dotty.tools.dotc.typer.Namer.typedAhead(Namer.scala:1420)
	at dotty.tools.dotc.typer.Namer.typedAheadExpr(Namer.scala:1430)
	at dotty.tools.dotc.typer.Namer.valOrDefDefSig(Namer.scala:1487)
	at dotty.tools.dotc.typer.Namer.defDefSig(Namer.scala:1560)
	at dotty.tools.dotc.typer.Namer$Completer.typeSig(Namer.scala:756)
	at dotty.tools.dotc.typer.Namer$Completer.completeInCreationContext(Namer.scala:888)
	at dotty.tools.dotc.typer.Namer$Completer.complete(Namer.scala:780)
	at dotty.tools.dotc.core.SymDenotations$SymDenotation.completeFrom(SymDenotations.scala:168)
	at dotty.tools.dotc.core.Denotations$Denotation.completeInfo$1(Denotations.scala:188)
	at dotty.tools.dotc.core.Denotations$Denotation.info(Denotations.scala:190)
	at dotty.tools.dotc.core.SymDenotations$SymDenotation.ensureCompleted(SymDenotations.scala:370)
	at dotty.tools.dotc.typer.Typer.retrieveSym(Typer.scala:2721)
	at dotty.tools.dotc.typer.Typer.typedNamed$1(Typer.scala:2746)
	at dotty.tools.dotc.typer.Typer.typedUnadapted(Typer.scala:2841)
	at dotty.tools.dotc.typer.Typer.typed(Typer.scala:2907)
	at dotty.tools.dotc.typer.Typer.typed(Typer.scala:2911)
	at dotty.tools.dotc.typer.Typer.traverse$1(Typer.scala:2933)
	at dotty.tools.dotc.typer.Typer.typedStats(Typer.scala:2983)
	at dotty.tools.dotc.typer.Typer.typedBlockStats(Typer.scala:1044)
	at dotty.tools.dotc.typer.Typer.typedBlock(Typer.scala:1048)
	at dotty.tools.dotc.typer.Typer.typedUnnamed$1(Typer.scala:2787)
	at dotty.tools.dotc.typer.Typer.typedUnadapted(Typer.scala:2842)
	at dotty.tools.dotc.typer.Typer.typed(Typer.scala:2907)
	at dotty.tools.dotc.typer.Typer.typed(Typer.scala:2911)
	at dotty.tools.dotc.typer.Typer.typedFunctionValue(Typer.scala:1427)
	at dotty.tools.dotc.typer.Typer.typedFunction(Typer.scala:1216)
	at dotty.tools.dotc.typer.Typer.typedUnnamed$1(Typer.scala:2789)
	at dotty.tools.dotc.typer.Typer.typedUnadapted(Typer.scala:2842)
	at dotty.tools.dotc.typer.ProtoTypes$FunProto.$anonfun$7(ProtoTypes.scala:431)
	at dotty.tools.dotc.typer.ProtoTypes$FunProto.cacheTypedArg(ProtoTypes.scala:359)
	at dotty.tools.dotc.typer.ProtoTypes$FunProto.typedArg(ProtoTypes.scala:432)
	at dotty.tools.dotc.typer.Applications$ApplyToUntyped.typedArg(Applications.scala:853)
	at dotty.tools.dotc.typer.Applications$ApplyToUntyped.typedArg(Applications.scala:853)
	at dotty.tools.dotc.typer.Applications$Application.addTyped$1(Applications.scala:544)
	at dotty.tools.dotc.typer.Applications$Application.matchArgs(Applications.scala:609)
	at dotty.tools.dotc.typer.Applications$Application.init(Applications.scala:447)
	at dotty.tools.dotc.typer.Applications$TypedApply.<init>(Applications.scala:735)
	at dotty.tools.dotc.typer.Applications$ApplyToUntyped.<init>(Applications.scala:852)
	at dotty.tools.dotc.typer.Applications.ApplyTo(Applications.scala:1060)
	at dotty.tools.dotc.typer.Applications.ApplyTo$(Applications.scala:317)
	at dotty.tools.dotc.typer.Typer.ApplyTo(Typer.scala:107)
	at dotty.tools.dotc.typer.Applications.simpleApply$1(Applications.scala:907)
	at dotty.tools.dotc.typer.Applications.realApply$1$$anonfun$4(Applications.scala:986)
	at dotty.tools.dotc.typer.Typer.tryEither(Typer.scala:3035)
	at dotty.tools.dotc.typer.Applications.realApply$1(Applications.scala:997)
	at dotty.tools.dotc.typer.Applications.typedApply(Applications.scala:1035)
	at dotty.tools.dotc.typer.Applications.typedApply$(Applications.scala:317)
	at dotty.tools.dotc.typer.Typer.typedApply(Typer.scala:107)
	at dotty.tools.dotc.typer.Typer.typedUnnamed$1(Typer.scala:2779)
	at dotty.tools.dotc.typer.Typer.typedUnadapted(Typer.scala:2842)
	at dotty.tools.dotc.typer.Typer.typedUnnamed$1(Typer.scala:2826)
	at dotty.tools.dotc.typer.Typer.typedUnadapted(Typer.scala:2842)
	at dotty.tools.dotc.typer.Typer.typed(Typer.scala:2907)
	at dotty.tools.dotc.typer.Typer.typed(Typer.scala:2911)
	at dotty.tools.dotc.typer.Typer.typedExpr(Typer.scala:3027)
	at dotty.tools.dotc.typer.Typer.typedBlock(Typer.scala:1050)
	at dotty.tools.dotc.typer.Typer.typedUnnamed$1(Typer.scala:2787)
	at dotty.tools.dotc.typer.Typer.typedUnadapted(Typer.scala:2842)
	at dotty.tools.dotc.typer.Typer.typed(Typer.scala:2907)
	at dotty.tools.dotc.typer.Typer.typed(Typer.scala:2911)
	at dotty.tools.dotc.typer.Typer.$anonfun$13(Typer.scala:1116)
	at dotty.tools.dotc.typer.Applications.harmonic(Applications.scala:2190)
	at dotty.tools.dotc.typer.Applications.harmonic$(Applications.scala:317)
	at dotty.tools.dotc.typer.Typer.harmonic(Typer.scala:107)
	at dotty.tools.dotc.typer.Typer.typedIf(Typer.scala:1118)
	at dotty.tools.dotc.typer.Typer.typedUnnamed$1(Typer.scala:2788)
	at dotty.tools.dotc.typer.Typer.typedUnadapted(Typer.scala:2842)
	at dotty.tools.dotc.typer.Typer.typed(Typer.scala:2907)
	at dotty.tools.dotc.typer.Typer.typed(Typer.scala:2911)
	at dotty.tools.dotc.typer.Typer.traverse$1(Typer.scala:2960)
	at dotty.tools.dotc.typer.Typer.typedStats(Typer.scala:2983)
	at dotty.tools.dotc.typer.Typer.typedBlockStats(Typer.scala:1044)
	at dotty.tools.dotc.typer.Typer.typedBlock(Typer.scala:1048)
	at dotty.tools.dotc.typer.Typer.typedUnnamed$1(Typer.scala:2787)
	at dotty.tools.dotc.typer.Typer.typedUnadapted(Typer.scala:2842)
	at dotty.tools.dotc.typer.Typer.typed(Typer.scala:2907)
	at dotty.tools.dotc.typer.Typer.typed(Typer.scala:2911)
	at dotty.tools.dotc.typer.Typer.typedExpr(Typer.scala:3027)
	at dotty.tools.dotc.typer.Typer.$anonfun$46(Typer.scala:2228)
	at dotty.tools.dotc.typer.PrepareInlineable$.dropInlineIfError(PrepareInlineable.scala:238)
	at dotty.tools.dotc.typer.Typer.typedDefDef(Typer.scala:2228)
	at dotty.tools.dotc.typer.Typer.typedNamed$1(Typer.scala:2756)
	at dotty.tools.dotc.typer.Typer.typedUnadapted(Typer.scala:2841)
	at dotty.tools.dotc.typer.Typer.typed(Typer.scala:2907)
	at dotty.tools.dotc.typer.Typer.typed(Typer.scala:2911)
	at dotty.tools.dotc.typer.Typer.traverse$1(Typer.scala:2933)
	at dotty.tools.dotc.typer.Typer.typedStats(Typer.scala:2983)
	at dotty.tools.dotc.typer.Typer.typedClassDef(Typer.scala:2426)
	at dotty.tools.dotc.typer.Typer.typedTypeOrClassDef$1(Typer.scala:2767)
	at dotty.tools.dotc.typer.Typer.typedNamed$1(Typer.scala:2771)
	at dotty.tools.dotc.typer.Typer.typedUnadapted(Typer.scala:2841)
	at dotty.tools.dotc.typer.Typer.typed(Typer.scala:2907)
	at dotty.tools.dotc.typer.Typer.typed(Typer.scala:2911)
	at dotty.tools.dotc.typer.Typer.traverse$1(Typer.scala:2933)
	at dotty.tools.dotc.typer.Typer.typedStats(Typer.scala:2983)
	at dotty.tools.dotc.typer.Typer.typedPackageDef(Typer.scala:2553)
	at dotty.tools.dotc.typer.Typer.typedUnnamed$1(Typer.scala:2812)
	at dotty.tools.dotc.typer.Typer.typedUnadapted(Typer.scala:2842)
	at dotty.tools.dotc.typer.Typer.typed(Typer.scala:2907)
	at dotty.tools.dotc.typer.Typer.typed(Typer.scala:2911)
	at dotty.tools.dotc.typer.Typer.typedExpr(Typer.scala:3027)
	at dotty.tools.dotc.typer.TyperPhase.liftedTree1$1(TyperPhase.scala:56)
	at dotty.tools.dotc.typer.TyperPhase.typeCheck$$anonfun$1(TyperPhase.scala:62)
	at dotty.tools.dotc.core.Phases$Phase.monitor(Phases.scala:411)
	at dotty.tools.dotc.typer.TyperPhase.typeCheck(TyperPhase.scala:63)
	at dotty.tools.dotc.typer.TyperPhase.runOn$$anonfun$1(TyperPhase.scala:106)
	at scala.runtime.function.JProcedure1.apply(JProcedure1.java:15)
	at scala.runtime.function.JProcedure1.apply(JProcedure1.java:10)
	at scala.collection.immutable.List.foreach(List.scala:333)
	at dotty.tools.dotc.typer.TyperPhase.runOn(TyperPhase.scala:106)
	at dotty.tools.dotc.Run.runPhases$1$$anonfun$1(Run.scala:261)
	at scala.runtime.function.JProcedure1.apply(JProcedure1.java:15)
	at scala.runtime.function.JProcedure1.apply(JProcedure1.java:10)
	at scala.collection.ArrayOps$.foreach$extension(ArrayOps.scala:1328)
	at dotty.tools.dotc.Run.runPhases$1(Run.scala:272)
	at dotty.tools.dotc.Run.compileUnits$$anonfun$1(Run.scala:280)
	at scala.runtime.java8.JFunction0$mcV$sp.apply(JFunction0$mcV$sp.scala:18)
	at dotty.tools.dotc.util.Stats$.maybeMonitored(Stats.scala:68)
	at dotty.tools.dotc.Run.compileUnits(Run.scala:289)
	at dotty.tools.dotc.Run.compileSources(Run.scala:222)
	at dotty.tools.dotc.interactive.InteractiveDriver.run(InteractiveDriver.scala:163)
	at scala.meta.internal.pc.completions.CompletionsProvider.completions(CompletionsProvider.scala:39)
	at scala.meta.internal.pc.ScalaPresentationCompiler.complete$$anonfun$1(ScalaPresentationCompiler.scala:91)
	at scala.meta.internal.pc.CompilerAccess.withSharedCompiler(CompilerAccess.scala:137)
	at scala.meta.internal.pc.CompilerAccess.$anonfun$1(CompilerAccess.scala:87)
	at scala.meta.internal.pc.CompilerAccess.onCompilerJobQueue$$anonfun$1(CompilerAccess.scala:197)
	at scala.meta.internal.pc.CompilerJobQueue$Job.run(CompilerJobQueue.scala:139)
	at java.base/java.util.concurrent.ThreadPoolExecutor.runWorker(ThreadPoolExecutor.java:1130)
	at java.base/java.util.concurrent.ThreadPoolExecutor$Worker.run(ThreadPoolExecutor.java:630)
	at java.base/java.lang.Thread.run(Thread.java:831)
Mar 15, 2022 6:02:08 AM org.eclipse.lsp4j.jsonrpc.RemoteEndpoint fallbackResponseError
SEVERE: Internal error: java.lang.reflect.InvocationTargetException
java.lang.RuntimeException: java.lang.reflect.InvocationTargetException
	at org.eclipse.lsp4j.jsonrpc.services.GenericEndpoint.lambda$null$0(GenericEndpoint.java:67)
	at org.eclipse.lsp4j.jsonrpc.services.GenericEndpoint.request(GenericEndpoint.java:120)
	at org.eclipse.lsp4j.jsonrpc.RemoteEndpoint.handleRequest(RemoteEndpoint.java:261)
	at org.eclipse.lsp4j.jsonrpc.RemoteEndpoint.consume(RemoteEndpoint.java:190)
	at org.eclipse.lsp4j.jsonrpc.json.StreamMessageProducer.handleMessage(StreamMessageProducer.java:194)
	at org.eclipse.lsp4j.jsonrpc.json.StreamMessageProducer.listen(StreamMessageProducer.java:94)
	at org.eclipse.lsp4j.jsonrpc.json.ConcurrentMessageProcessor.run(ConcurrentMessageProcessor.java:113)
	at java.base/java.util.concurrent.Executors$RunnableAdapter.call(Executors.java:515)
	at java.base/java.util.concurrent.FutureTask.run(FutureTask.java:264)
	at java.base/java.util.concurrent.ThreadPoolExecutor.runWorker(ThreadPoolExecutor.java:1130)
	at java.base/java.util.concurrent.ThreadPoolExecutor$Worker.run(ThreadPoolExecutor.java:630)
	at java.base/java.lang.Thread.run(Thread.java:831)
Caused by: java.lang.reflect.InvocationTargetException
	at jdk.internal.reflect.GeneratedMethodAccessor5.invoke(Unknown Source)
	at java.base/jdk.internal.reflect.DelegatingMethodAccessorImpl.invoke(DelegatingMethodAccessorImpl.java:43)
	at java.base/java.lang.reflect.Method.invoke(Method.java:567)
	at org.eclipse.lsp4j.jsonrpc.services.GenericEndpoint.lambda$null$0(GenericEndpoint.java:65)
	... 11 more
Caused by: java.lang.IllegalArgumentException: 47 is not a valid line number, allowed [0..44]
	at scala.meta.internal.inputs.InternalInput.lineToOffset(InternalInput.scala:37)
	at scala.meta.internal.inputs.InternalInput.lineToOffset$(InternalInput.scala:32)
	at scala.meta.inputs.Input$VirtualFile.lineToOffset(Input.scala:80)
	at scala.meta.inputs.Position$Range$.apply(Position.scala:59)
	at scala.meta.internal.mtags.MtagsEnrichments$XtensionPositionLspInverse.toMeta(MtagsEnrichments.scala:143)
	at scala.meta.internal.parsing.Trees.$anonfun$findLastEnclosingAt$4(Trees.scala:78)
	at scala.Option.flatMap(Option.scala:271)
	at scala.meta.internal.parsing.Trees.findLastEnclosingAt(Trees.scala:77)
	at scala.meta.internal.metals.codeactions.PatternMatchRefactor.contribute(PatternMatchRefactor.scala:96)
	at scala.meta.internal.metals.CodeActionProvider$$anonfun$1.applyOrElse(CodeActionProvider.scala:64)
	at scala.meta.internal.metals.CodeActionProvider$$anonfun$1.applyOrElse(CodeActionProvider.scala:63)
	at scala.collection.immutable.List.collect(List.scala:323)
	at scala.meta.internal.metals.CodeActionProvider.codeActions(CodeActionProvider.scala:63)
	at scala.meta.internal.metals.MetalsLanguageServer.$anonfun$codeAction$1(MetalsLanguageServer.scala:1615)
	at scala.meta.internal.metals.CancelTokens$.future(CancelTokens.scala:38)
	at scala.meta.internal.metals.MetalsLanguageServer.codeAction(MetalsLanguageServer.scala:1614)
	... 15 more

Mar 15, 2022 6:02:11 AM org.eclipse.lsp4j.jsonrpc.RemoteEndpoint fallbackResponseError
SEVERE: Internal error: java.lang.reflect.InvocationTargetException
java.lang.RuntimeException: java.lang.reflect.InvocationTargetException
	at org.eclipse.lsp4j.jsonrpc.services.GenericEndpoint.lambda$null$0(GenericEndpoint.java:67)
	at org.eclipse.lsp4j.jsonrpc.services.GenericEndpoint.request(GenericEndpoint.java:120)
	at org.eclipse.lsp4j.jsonrpc.RemoteEndpoint.handleRequest(RemoteEndpoint.java:261)
	at org.eclipse.lsp4j.jsonrpc.RemoteEndpoint.consume(RemoteEndpoint.java:190)
	at org.eclipse.lsp4j.jsonrpc.json.StreamMessageProducer.handleMessage(StreamMessageProducer.java:194)
	at org.eclipse.lsp4j.jsonrpc.json.StreamMessageProducer.listen(StreamMessageProducer.java:94)
	at org.eclipse.lsp4j.jsonrpc.json.ConcurrentMessageProcessor.run(ConcurrentMessageProcessor.java:113)
	at java.base/java.util.concurrent.Executors$RunnableAdapter.call(Executors.java:515)
	at java.base/java.util.concurrent.FutureTask.run(FutureTask.java:264)
	at java.base/java.util.concurrent.ThreadPoolExecutor.runWorker(ThreadPoolExecutor.java:1130)
	at java.base/java.util.concurrent.ThreadPoolExecutor$Worker.run(ThreadPoolExecutor.java:630)
	at java.base/java.lang.Thread.run(Thread.java:831)
Caused by: java.lang.reflect.InvocationTargetException
	at jdk.internal.reflect.GeneratedMethodAccessor5.invoke(Unknown Source)
	at java.base/jdk.internal.reflect.DelegatingMethodAccessorImpl.invoke(DelegatingMethodAccessorImpl.java:43)
	at java.base/java.lang.reflect.Method.invoke(Method.java:567)
	at org.eclipse.lsp4j.jsonrpc.services.GenericEndpoint.lambda$null$0(GenericEndpoint.java:65)
	... 11 more
Caused by: java.lang.IllegalArgumentException: 47 is not a valid line number, allowed [0..44]
	at scala.meta.internal.inputs.InternalInput.lineToOffset(InternalInput.scala:37)
	at scala.meta.internal.inputs.InternalInput.lineToOffset$(InternalInput.scala:32)
	at scala.meta.inputs.Input$VirtualFile.lineToOffset(Input.scala:80)
	at scala.meta.inputs.Position$Range$.apply(Position.scala:59)
	at scala.meta.internal.mtags.MtagsEnrichments$XtensionPositionLspInverse.toMeta(MtagsEnrichments.scala:143)
	at scala.meta.internal.parsing.Trees.$anonfun$findLastEnclosingAt$4(Trees.scala:78)
	at scala.Option.flatMap(Option.scala:271)
	at scala.meta.internal.parsing.Trees.findLastEnclosingAt(Trees.scala:77)
	at scala.meta.internal.metals.codeactions.PatternMatchRefactor.contribute(PatternMatchRefactor.scala:96)
	at scala.meta.internal.metals.CodeActionProvider$$anonfun$1.applyOrElse(CodeActionProvider.scala:64)
	at scala.meta.internal.metals.CodeActionProvider$$anonfun$1.applyOrElse(CodeActionProvider.scala:63)
	at scala.collection.immutable.List.collect(List.scala:323)
	at scala.meta.internal.metals.CodeActionProvider.codeActions(CodeActionProvider.scala:63)
	at scala.meta.internal.metals.MetalsLanguageServer.$anonfun$codeAction$1(MetalsLanguageServer.scala:1615)
	at scala.meta.internal.metals.CancelTokens$.future(CancelTokens.scala:38)
	at scala.meta.internal.metals.MetalsLanguageServer.codeAction(MetalsLanguageServer.scala:1614)
	... 15 more

Mar 15, 2022 6:02:12 AM org.eclipse.lsp4j.jsonrpc.RemoteEndpoint fallbackResponseError
SEVERE: Internal error: java.lang.reflect.InvocationTargetException
java.lang.RuntimeException: java.lang.reflect.InvocationTargetException
	at org.eclipse.lsp4j.jsonrpc.services.GenericEndpoint.lambda$null$0(GenericEndpoint.java:67)
	at org.eclipse.lsp4j.jsonrpc.services.GenericEndpoint.request(GenericEndpoint.java:120)
	at org.eclipse.lsp4j.jsonrpc.RemoteEndpoint.handleRequest(RemoteEndpoint.java:261)
	at org.eclipse.lsp4j.jsonrpc.RemoteEndpoint.consume(RemoteEndpoint.java:190)
	at org.eclipse.lsp4j.jsonrpc.json.StreamMessageProducer.handleMessage(StreamMessageProducer.java:194)
	at org.eclipse.lsp4j.jsonrpc.json.StreamMessageProducer.listen(StreamMessageProducer.java:94)
	at org.eclipse.lsp4j.jsonrpc.json.ConcurrentMessageProcessor.run(ConcurrentMessageProcessor.java:113)
	at java.base/java.util.concurrent.Executors$RunnableAdapter.call(Executors.java:515)
	at java.base/java.util.concurrent.FutureTask.run(FutureTask.java:264)
	at java.base/java.util.concurrent.ThreadPoolExecutor.runWorker(ThreadPoolExecutor.java:1130)
	at java.base/java.util.concurrent.ThreadPoolExecutor$Worker.run(ThreadPoolExecutor.java:630)
	at java.base/java.lang.Thread.run(Thread.java:831)
Caused by: java.lang.reflect.InvocationTargetException
	at jdk.internal.reflect.GeneratedMethodAccessor5.invoke(Unknown Source)
	at java.base/jdk.internal.reflect.DelegatingMethodAccessorImpl.invoke(DelegatingMethodAccessorImpl.java:43)
	at java.base/java.lang.reflect.Method.invoke(Method.java:567)
	at org.eclipse.lsp4j.jsonrpc.services.GenericEndpoint.lambda$null$0(GenericEndpoint.java:65)
	... 11 more
Caused by: java.lang.IllegalArgumentException: 47 is not a valid line number, allowed [0..44]
	at scala.meta.internal.inputs.InternalInput.lineToOffset(InternalInput.scala:37)
	at scala.meta.internal.inputs.InternalInput.lineToOffset$(InternalInput.scala:32)
	at scala.meta.inputs.Input$VirtualFile.lineToOffset(Input.scala:80)
	at scala.meta.inputs.Position$Range$.apply(Position.scala:59)
	at scala.meta.internal.mtags.MtagsEnrichments$XtensionPositionLspInverse.toMeta(MtagsEnrichments.scala:143)
	at scala.meta.internal.parsing.Trees.$anonfun$findLastEnclosingAt$4(Trees.scala:78)
	at scala.Option.flatMap(Option.scala:271)
	at scala.meta.internal.parsing.Trees.findLastEnclosingAt(Trees.scala:77)
	at scala.meta.internal.metals.codeactions.PatternMatchRefactor.contribute(PatternMatchRefactor.scala:96)
	at scala.meta.internal.metals.CodeActionProvider$$anonfun$1.applyOrElse(CodeActionProvider.scala:64)
	at scala.meta.internal.metals.CodeActionProvider$$anonfun$1.applyOrElse(CodeActionProvider.scala:63)
	at scala.collection.immutable.List.collect(List.scala:323)
	at scala.meta.internal.metals.CodeActionProvider.codeActions(CodeActionProvider.scala:63)
	at scala.meta.internal.metals.MetalsLanguageServer.$anonfun$codeAction$1(MetalsLanguageServer.scala:1615)
	at scala.meta.internal.metals.CancelTokens$.future(CancelTokens.scala:38)
	at scala.meta.internal.metals.MetalsLanguageServer.codeAction(MetalsLanguageServer.scala:1614)
	... 15 more

Mar 15, 2022 6:26:22 AM org.eclipse.lsp4j.jsonrpc.RemoteEndpoint fallbackResponseError
SEVERE: Internal error: java.lang.reflect.InvocationTargetException
java.lang.RuntimeException: java.lang.reflect.InvocationTargetException
	at org.eclipse.lsp4j.jsonrpc.services.GenericEndpoint.lambda$null$0(GenericEndpoint.java:67)
	at org.eclipse.lsp4j.jsonrpc.services.GenericEndpoint.request(GenericEndpoint.java:120)
	at org.eclipse.lsp4j.jsonrpc.RemoteEndpoint.handleRequest(RemoteEndpoint.java:261)
	at org.eclipse.lsp4j.jsonrpc.RemoteEndpoint.consume(RemoteEndpoint.java:190)
	at org.eclipse.lsp4j.jsonrpc.json.StreamMessageProducer.handleMessage(StreamMessageProducer.java:194)
	at org.eclipse.lsp4j.jsonrpc.json.StreamMessageProducer.listen(StreamMessageProducer.java:94)
	at org.eclipse.lsp4j.jsonrpc.json.ConcurrentMessageProcessor.run(ConcurrentMessageProcessor.java:113)
	at java.base/java.util.concurrent.Executors$RunnableAdapter.call(Executors.java:515)
	at java.base/java.util.concurrent.FutureTask.run(FutureTask.java:264)
	at java.base/java.util.concurrent.ThreadPoolExecutor.runWorker(ThreadPoolExecutor.java:1130)
	at java.base/java.util.concurrent.ThreadPoolExecutor$Worker.run(ThreadPoolExecutor.java:630)
	at java.base/java.lang.Thread.run(Thread.java:831)
Caused by: java.lang.reflect.InvocationTargetException
	at jdk.internal.reflect.GeneratedMethodAccessor5.invoke(Unknown Source)
	at java.base/jdk.internal.reflect.DelegatingMethodAccessorImpl.invoke(DelegatingMethodAccessorImpl.java:43)
	at java.base/java.lang.reflect.Method.invoke(Method.java:567)
	at org.eclipse.lsp4j.jsonrpc.services.GenericEndpoint.lambda$null$0(GenericEndpoint.java:65)
	... 11 more
Caused by: java.lang.IllegalArgumentException: 60 is not a valid line number, allowed [0..54]
	at scala.meta.internal.inputs.InternalInput.lineToOffset(InternalInput.scala:37)
	at scala.meta.internal.inputs.InternalInput.lineToOffset$(InternalInput.scala:32)
	at scala.meta.inputs.Input$VirtualFile.lineToOffset(Input.scala:80)
	at scala.meta.inputs.Position$Range$.apply(Position.scala:59)
	at scala.meta.internal.mtags.MtagsEnrichments$XtensionPositionLspInverse.toMeta(MtagsEnrichments.scala:143)
	at scala.meta.internal.parsing.Trees.$anonfun$findLastEnclosingAt$4(Trees.scala:78)
	at scala.Option.flatMap(Option.scala:271)
	at scala.meta.internal.parsing.Trees.findLastEnclosingAt(Trees.scala:77)
	at scala.meta.internal.metals.codeactions.PatternMatchRefactor.contribute(PatternMatchRefactor.scala:96)
	at scala.meta.internal.metals.CodeActionProvider$$anonfun$1.applyOrElse(CodeActionProvider.scala:64)
	at scala.meta.internal.metals.CodeActionProvider$$anonfun$1.applyOrElse(CodeActionProvider.scala:63)
	at scala.collection.immutable.List.collect(List.scala:323)
	at scala.meta.internal.metals.CodeActionProvider.codeActions(CodeActionProvider.scala:63)
	at scala.meta.internal.metals.MetalsLanguageServer.$anonfun$codeAction$1(MetalsLanguageServer.scala:1615)
	at scala.meta.internal.metals.CancelTokens$.future(CancelTokens.scala:38)
	at scala.meta.internal.metals.MetalsLanguageServer.codeAction(MetalsLanguageServer.scala:1614)
	... 15 more

2022.03.15 06:27:30 WARN  no build target for: /Users/peyts25/WordleSolver/main.scala
2022.03.15 06:29:40 WARN  no build target for: /Users/peyts25/WordleSolver/main.scala
2022.03.15 06:30:06 WARN  no build target for: /Users/peyts25/WordleSolver/main.scala
2022.03.15 06:30:52 WARN  no build target for: /Users/peyts25/WordleSolver/main.scala
2022.03.15 06:31:00 INFO  shutting down Metals
2022.03.16 16:52:45 INFO  tracing is disabled for protocol LSP, to enable tracing of incoming and outgoing JSON messages create an empty file at /Users/peyts25/WordleSolver/.metals/lsp.trace.json or /Users/peyts25/Library/Caches/org.scalameta.metals/lsp.trace.json
2022.03.16 16:52:46 INFO  logging to file /Users/peyts25/WordleSolver/.metals/metals.log
2022.03.16 16:52:46 INFO  Started: Metals version 0.11.2 in workspace '/Users/peyts25/WordleSolver' for client Visual Studio Code 1.65.2.
2022.03.16 16:52:46 INFO  Parse release: 16.0.2
2022.03.16 16:52:49 INFO  time: initialize in 2.87s
2022.03.16 16:52:50 WARN  Build server is not auto-connectable.
2022.03.16 16:52:50 WARN  no build tool detected in workspace '/Users/peyts25/WordleSolver'. The most common cause for this problem is that the editor was opened in the wrong working directory, for example if you use sbt then the workspace directory should contain build.sbt. 
2022.03.16 16:52:52 WARN  no build target for: /Users/peyts25/WordleSolver/main.scala
2022.03.16 16:52:56 INFO  no build target found for /Users/peyts25/WordleSolver/main.scala. Using presentation compiler with project's scala-library version: 3.1.1
2022.03.16 16:52:59 INFO  time: code lens generation in 6.51s
2022.03.16 16:54:45 WARN  no build target for: /Users/peyts25/WordleSolver/solver.scala
2022.03.16 16:54:56 WARN  no build target for: /Users/peyts25/WordleSolver/solver.scala
Mar 16, 2022 4:56:48 PM org.eclipse.lsp4j.jsonrpc.services.GenericEndpoint notify
INFO: Unsupported notification method: $/setTrace
2022.03.16 20:32:29 INFO  shutting down Metals
2022.03.17 10:55:49 INFO  tracing is disabled for protocol LSP, to enable tracing of incoming and outgoing JSON messages create an empty file at /Users/peyts25/WordleSolver/.metals/lsp.trace.json or /Users/peyts25/Library/Caches/org.scalameta.metals/lsp.trace.json
2022.03.17 10:55:49 INFO  logging to file /Users/peyts25/WordleSolver/.metals/metals.log
2022.03.17 10:55:49 INFO  Started: Metals version 0.11.2 in workspace '/Users/peyts25/WordleSolver' for client Visual Studio Code 1.65.2.
2022.03.17 10:55:49 INFO  Parse release: 16.0.2
2022.03.17 10:55:52 INFO  time: initialize in 2.62s
2022.03.17 10:55:53 WARN  Build server is not auto-connectable.
2022.03.17 10:55:53 WARN  no build tool detected in workspace '/Users/peyts25/WordleSolver'. The most common cause for this problem is that the editor was opened in the wrong working directory, for example if you use sbt then the workspace directory should contain build.sbt. 
2022.03.17 10:55:54 WARN  no build target for: /Users/peyts25/WordleSolver/solver.scala
2022.03.17 10:55:58 INFO  no build target found for /Users/peyts25/WordleSolver/solver.scala. Using presentation compiler with project's scala-library version: 3.1.1
2022.03.17 11:37:20 WARN  no build target for: /Users/peyts25/WordleSolver/solver.scala
2022.03.17 11:51:48 WARN  no build target for: /Users/peyts25/WordleSolver/solver.scala
2022.03.17 11:51:48 WARN  no build target for: /Users/peyts25/WordleSolver/solver.scala
Mar 17, 2022 12:51:18 PM org.eclipse.lsp4j.jsonrpc.services.GenericEndpoint notify
INFO: Unsupported notification method: $/setTrace
2022.03.17 12:52:40 WARN  no build target for: /Users/peyts25/WordleSolver/solver.scala
2022.03.17 15:15:06 WARN  no build target for: /Users/peyts25/WordleSolver/solver.scala
2022.03.17 15:15:29 WARN  no build target for: /Users/peyts25/WordleSolver/solver.scala
2022.03.17 15:15:39 WARN  no build target for: /Users/peyts25/WordleSolver/solver.scala
2022.03.17 15:26:26 WARN  no build target for: /Users/peyts25/WordleSolver/solver.scala
2022.03.17 15:31:01 WARN  no build target for: /Users/peyts25/WordleSolver/solver.scala
Mar 17, 2022 3:31:34 PM org.eclipse.lsp4j.jsonrpc.RemoteEndpoint fallbackResponseError
SEVERE: Internal error: java.lang.reflect.InvocationTargetException
java.lang.RuntimeException: java.lang.reflect.InvocationTargetException
	at org.eclipse.lsp4j.jsonrpc.services.GenericEndpoint.lambda$null$0(GenericEndpoint.java:67)
	at org.eclipse.lsp4j.jsonrpc.services.GenericEndpoint.request(GenericEndpoint.java:120)
	at org.eclipse.lsp4j.jsonrpc.RemoteEndpoint.handleRequest(RemoteEndpoint.java:261)
	at org.eclipse.lsp4j.jsonrpc.RemoteEndpoint.consume(RemoteEndpoint.java:190)
	at org.eclipse.lsp4j.jsonrpc.json.StreamMessageProducer.handleMessage(StreamMessageProducer.java:194)
	at org.eclipse.lsp4j.jsonrpc.json.StreamMessageProducer.listen(StreamMessageProducer.java:94)
	at org.eclipse.lsp4j.jsonrpc.json.ConcurrentMessageProcessor.run(ConcurrentMessageProcessor.java:113)
	at java.base/java.util.concurrent.Executors$RunnableAdapter.call(Executors.java:515)
	at java.base/java.util.concurrent.FutureTask.run(FutureTask.java:264)
	at java.base/java.util.concurrent.ThreadPoolExecutor.runWorker(ThreadPoolExecutor.java:1130)
	at java.base/java.util.concurrent.ThreadPoolExecutor$Worker.run(ThreadPoolExecutor.java:630)
	at java.base/java.lang.Thread.run(Thread.java:831)
Caused by: java.lang.reflect.InvocationTargetException
	at jdk.internal.reflect.GeneratedMethodAccessor3.invoke(Unknown Source)
	at java.base/jdk.internal.reflect.DelegatingMethodAccessorImpl.invoke(DelegatingMethodAccessorImpl.java:43)
	at java.base/java.lang.reflect.Method.invoke(Method.java:567)
	at org.eclipse.lsp4j.jsonrpc.services.GenericEndpoint.lambda$null$0(GenericEndpoint.java:65)
	... 11 more
Caused by: java.lang.IllegalArgumentException: 48 is not a valid line number, allowed [0..47]
	at scala.meta.internal.inputs.InternalInput.lineToOffset(InternalInput.scala:37)
	at scala.meta.internal.inputs.InternalInput.lineToOffset$(InternalInput.scala:32)
	at scala.meta.inputs.Input$VirtualFile.lineToOffset(Input.scala:80)
	at scala.meta.inputs.Position$Range$.lineLength$1(Position.scala:57)
	at scala.meta.inputs.Position$Range$.apply(Position.scala:60)
	at scala.meta.internal.mtags.MtagsEnrichments$XtensionPositionLspInverse.toMeta(MtagsEnrichments.scala:143)
	at scala.meta.internal.parsing.Trees.$anonfun$findLastEnclosingAt$4(Trees.scala:78)
	at scala.Option.flatMap(Option.scala:271)
	at scala.meta.internal.parsing.Trees.findLastEnclosingAt(Trees.scala:77)
	at scala.meta.internal.metals.codeactions.PatternMatchRefactor.contribute(PatternMatchRefactor.scala:96)
	at scala.meta.internal.metals.CodeActionProvider$$anonfun$1.applyOrElse(CodeActionProvider.scala:64)
	at scala.meta.internal.metals.CodeActionProvider$$anonfun$1.applyOrElse(CodeActionProvider.scala:63)
	at scala.collection.immutable.List.collect(List.scala:323)
	at scala.meta.internal.metals.CodeActionProvider.codeActions(CodeActionProvider.scala:63)
	at scala.meta.internal.metals.MetalsLanguageServer.$anonfun$codeAction$1(MetalsLanguageServer.scala:1615)
	at scala.meta.internal.metals.CancelTokens$.future(CancelTokens.scala:38)
	at scala.meta.internal.metals.MetalsLanguageServer.codeAction(MetalsLanguageServer.scala:1614)
	... 15 more

Mar 17, 2022 3:31:38 PM org.eclipse.lsp4j.jsonrpc.RemoteEndpoint fallbackResponseError
SEVERE: Internal error: java.lang.reflect.InvocationTargetException
java.lang.RuntimeException: java.lang.reflect.InvocationTargetException
	at org.eclipse.lsp4j.jsonrpc.services.GenericEndpoint.lambda$null$0(GenericEndpoint.java:67)
	at org.eclipse.lsp4j.jsonrpc.services.GenericEndpoint.request(GenericEndpoint.java:120)
	at org.eclipse.lsp4j.jsonrpc.RemoteEndpoint.handleRequest(RemoteEndpoint.java:261)
	at org.eclipse.lsp4j.jsonrpc.RemoteEndpoint.consume(RemoteEndpoint.java:190)
	at org.eclipse.lsp4j.jsonrpc.json.StreamMessageProducer.handleMessage(StreamMessageProducer.java:194)
	at org.eclipse.lsp4j.jsonrpc.json.StreamMessageProducer.listen(StreamMessageProducer.java:94)
	at org.eclipse.lsp4j.jsonrpc.json.ConcurrentMessageProcessor.run(ConcurrentMessageProcessor.java:113)
	at java.base/java.util.concurrent.Executors$RunnableAdapter.call(Executors.java:515)
	at java.base/java.util.concurrent.FutureTask.run(FutureTask.java:264)
	at java.base/java.util.concurrent.ThreadPoolExecutor.runWorker(ThreadPoolExecutor.java:1130)
	at java.base/java.util.concurrent.ThreadPoolExecutor$Worker.run(ThreadPoolExecutor.java:630)
	at java.base/java.lang.Thread.run(Thread.java:831)
Caused by: java.lang.reflect.InvocationTargetException
	at jdk.internal.reflect.GeneratedMethodAccessor3.invoke(Unknown Source)
	at java.base/jdk.internal.reflect.DelegatingMethodAccessorImpl.invoke(DelegatingMethodAccessorImpl.java:43)
	at java.base/java.lang.reflect.Method.invoke(Method.java:567)
	at org.eclipse.lsp4j.jsonrpc.services.GenericEndpoint.lambda$null$0(GenericEndpoint.java:65)
	... 11 more
Caused by: java.lang.IllegalArgumentException: 48 is not a valid line number, allowed [0..47]
	at scala.meta.internal.inputs.InternalInput.lineToOffset(InternalInput.scala:37)
	at scala.meta.internal.inputs.InternalInput.lineToOffset$(InternalInput.scala:32)
	at scala.meta.inputs.Input$VirtualFile.lineToOffset(Input.scala:80)
	at scala.meta.inputs.Position$Range$.lineLength$1(Position.scala:57)
	at scala.meta.inputs.Position$Range$.apply(Position.scala:60)
	at scala.meta.internal.mtags.MtagsEnrichments$XtensionPositionLspInverse.toMeta(MtagsEnrichments.scala:143)
	at scala.meta.internal.parsing.Trees.$anonfun$findLastEnclosingAt$4(Trees.scala:78)
	at scala.Option.flatMap(Option.scala:271)
	at scala.meta.internal.parsing.Trees.findLastEnclosingAt(Trees.scala:77)
	at scala.meta.internal.metals.codeactions.PatternMatchRefactor.contribute(PatternMatchRefactor.scala:96)
	at scala.meta.internal.metals.CodeActionProvider$$anonfun$1.applyOrElse(CodeActionProvider.scala:64)
	at scala.meta.internal.metals.CodeActionProvider$$anonfun$1.applyOrElse(CodeActionProvider.scala:63)
	at scala.collection.immutable.List.collect(List.scala:323)
	at scala.meta.internal.metals.CodeActionProvider.codeActions(CodeActionProvider.scala:63)
	at scala.meta.internal.metals.MetalsLanguageServer.$anonfun$codeAction$1(MetalsLanguageServer.scala:1615)
	at scala.meta.internal.metals.CancelTokens$.future(CancelTokens.scala:38)
	at scala.meta.internal.metals.MetalsLanguageServer.codeAction(MetalsLanguageServer.scala:1614)
	... 15 more

2022.03.17 15:32:15 WARN  no build target for: /Users/peyts25/WordleSolver/solver.scala
2022.03.17 16:56:36 INFO  shutting down Metals
2022.03.19 05:55:42 INFO  tracing is disabled for protocol LSP, to enable tracing of incoming and outgoing JSON messages create an empty file at /Users/peyts25/WordleSolver/.metals/lsp.trace.json or /Users/peyts25/Library/Caches/org.scalameta.metals/lsp.trace.json
2022.03.19 05:55:43 INFO  logging to file /Users/peyts25/WordleSolver/.metals/metals.log
2022.03.19 05:55:43 INFO  Started: Metals version 0.11.2 in workspace '/Users/peyts25/WordleSolver' for client Visual Studio Code 1.65.2.
2022.03.19 05:55:43 INFO  Parse release: 16.0.2
2022.03.19 05:55:45 INFO  time: initialize in 2.58s
2022.03.19 05:55:46 WARN  Build server is not auto-connectable.
2022.03.19 05:55:46 WARN  no build tool detected in workspace '/Users/peyts25/WordleSolver'. The most common cause for this problem is that the editor was opened in the wrong working directory, for example if you use sbt then the workspace directory should contain build.sbt. 
Mar 19, 2022 6:04:53 AM org.eclipse.lsp4j.jsonrpc.services.GenericEndpoint notify
INFO: Unsupported notification method: $/setTrace
2022.03.23 17:38:22 WARN  no build target for: /Users/peyts25/WordleSolver/solver.scala
2022.03.23 17:38:27 INFO  no build target found for /Users/peyts25/WordleSolver/solver.scala. Using presentation compiler with project's scala-library version: 3.1.1
2022.03.23 17:38:32 INFO  time: code lens generation in 8.32s
2022.03.23 23:51:27 INFO  shutting down Metals
2022.03.28 01:06:34 INFO  tracing is disabled for protocol LSP, to enable tracing of incoming and outgoing JSON messages create an empty file at /Users/peyts25/WordleSolver/.metals/lsp.trace.json or /Users/peyts25/Library/Caches/org.scalameta.metals/lsp.trace.json
2022.03.28 01:06:35 INFO  logging to file /Users/peyts25/WordleSolver/.metals/metals.log
2022.03.28 01:06:35 INFO  Started: Metals version 0.11.2 in workspace '/Users/peyts25/WordleSolver' for client Visual Studio Code 1.65.2.
2022.03.28 01:06:35 INFO  Parse release: 16.0.2
2022.03.28 01:06:38 INFO  time: initialize in 3.17s
2022.03.28 01:06:39 WARN  Build server is not auto-connectable.
2022.03.28 01:06:39 WARN  no build tool detected in workspace '/Users/peyts25/WordleSolver'. The most common cause for this problem is that the editor was opened in the wrong working directory, for example if you use sbt then the workspace directory should contain build.sbt. 
2022.03.28 01:38:50 INFO  shutting down Metals
